# JRE version: Java(TM) SE Runtime Environment (17.0.7+8) (build 17.0.7+8-LTS-224)
# Java VM: Java HotSpot(TM) 64-Bit Server VM (17.0.7+8-LTS-224, mixed mode, sharing, tiered, compressed oops, compressed class ptrs, g1 gc, windows-amd64)
GC Precious Log:
 CPUs: 2 total, 2 available
 Memory: 3500M
 Large Page Support: Disabled
 NUMA Support: Disabled
 Compressed Oops: Enabled (32-bit)
 Heap Region Size: 1M
 Heap Min Capacity: 8M
 Heap Initial Capacity: 56M
 Heap Max Capacity: 876M
 Pre-touch: Disabled
 Parallel Workers: 2
 Concurrent Workers: 1
 Concurrent Refinement Workers: 2
 Periodic GC: Disabled
Heap:
 garbage-first heap   total 48128K, used 31718K [0x00000000c9400000, 0x0000000100000000)
  region size 1024K, 8 young (8192K), 1 survivors (1024K)
 Metaspace       used 63516K, committed 64064K, reserved 1105920K
  class space    used 8558K, committed 8832K, reserved 1048576K
GC Heap History (20 events):
Event: 13.800 GC heap before
{Heap before GC invocations=8 (full 0):
 garbage-first heap   total 48128K, used 35199K [0x00000000c9400000, 0x0000000100000000)
  region size 1024K, 22 young (22528K), 3 survivors (3072K)
 Metaspace       used 30792K, committed 31168K, reserved 1081344K
  class space    used 3976K, committed 4160K, reserved 1048576K
}
Event: 13.809 GC heap after
{Heap after GC invocations=9 (full 0):
 garbage-first heap   total 48128K, used 16837K [0x00000000c9400000, 0x0000000100000000)
  region size 1024K, 1 young (1024K), 1 survivors (1024K)
 Metaspace       used 30792K, committed 31168K, reserved 1081344K
  class space    used 3976K, committed 4160K, reserved 1048576K
}
Event: 14.724 GC heap before
{Heap before GC invocations=9 (full 0):
 garbage-first heap   total 48128K, used 33221K [0x00000000c9400000, 0x0000000100000000)
  region size 1024K, 18 young (18432K), 1 survivors (1024K)
 Metaspace       used 35574K, committed 35968K, reserved 1081344K
  class space    used 4616K, committed 4800K, reserved 1048576K
}
Event: 14.729 GC heap after
{Heap after GC invocations=10 (full 0):
 garbage-first heap   total 48128K, used 17995K [0x00000000c9400000, 0x0000000100000000)
  region size 1024K, 3 young (3072K), 3 survivors (3072K)
 Metaspace       used 35574K, committed 35968K, reserved 1081344K
  class space    used 4616K, committed 4800K, reserved 1048576K
}
Event: 16.920 GC heap before
{Heap before GC invocations=11 (full 0):
 garbage-first heap   total 48128K, used 34379K [0x00000000c9400000, 0x0000000100000000)
  region size 1024K, 20 young (20480K), 3 survivors (3072K)
 Metaspace       used 42975K, committed 43392K, reserved 1089536K
  class space    used 5582K, committed 5824K, reserved 1048576K
}
Event: 16.933 GC heap after
{Heap after GC invocations=12 (full 0):
 garbage-first heap   total 48128K, used 19793K [0x00000000c9400000, 0x0000000100000000)
  region size 1024K, 3 young (3072K), 3 survivors (3072K)
 Metaspace       used 42975K, committed 43392K, reserved 1089536K
  class space    used 5582K, committed 5824K, reserved 1048576K
}
Event: 17.032 GC heap before
{Heap before GC invocations=12 (full 0):
 garbage-first heap   total 48128K, used 19793K [0x00000000c9400000, 0x0000000100000000)
  region size 1024K, 4 young (4096K), 3 survivors (3072K)
 Metaspace       used 43126K, committed 43584K, reserved 1089536K
  class space    used 5606K, committed 5824K, reserved 1048576K
}
Event: 17.039 GC heap after
{Heap after GC invocations=13 (full 0):
 garbage-first heap   total 48128K, used 19995K [0x00000000c9400000, 0x0000000100000000)
  region size 1024K, 1 young (1024K), 1 survivors (1024K)
 Metaspace       used 43126K, committed 43584K, reserved 1089536K
  class space    used 5606K, committed 5824K, reserved 1048576K
}
Event: 18.005 GC heap before
{Heap before GC invocations=13 (full 0):
 garbage-first heap   total 48128K, used 35355K [0x00000000c9400000, 0x0000000100000000)
  region size 1024K, 17 young (17408K), 1 survivors (1024K)
 Metaspace       used 48510K, committed 48896K, reserved 1097728K
  class space    used 6395K, committed 6592K, reserved 1048576K
}
Event: 18.009 GC heap after
{Heap after GC invocations=14 (full 0):
 garbage-first heap   total 48128K, used 20638K [0x00000000c9400000, 0x0000000100000000)
  region size 1024K, 2 young (2048K), 2 survivors (2048K)
 Metaspace       used 48510K, committed 48896K, reserved 1097728K
  class space    used 6395K, committed 6592K, reserved 1048576K
}
Event: 18.874 GC heap before
{Heap before GC invocations=14 (full 0):
 garbage-first heap   total 48128K, used 35998K [0x00000000c9400000, 0x0000000100000000)
  region size 1024K, 18 young (18432K), 2 survivors (2048K)
 Metaspace       used 52774K, committed 53248K, reserved 1097728K
  class space    used 7128K, committed 7360K, reserved 1048576K
}
Event: 18.878 GC heap after
{Heap after GC invocations=15 (full 0):
 garbage-first heap   total 48128K, used 21081K [0x00000000c9400000, 0x0000000100000000)
  region size 1024K, 2 young (2048K), 2 survivors (2048K)
 Metaspace       used 52774K, committed 53248K, reserved 1097728K
  class space    used 7128K, committed 7360K, reserved 1048576K
}
Event: 19.999 GC heap before
{Heap before GC invocations=15 (full 0):
 garbage-first heap   total 48128K, used 36441K [0x00000000c9400000, 0x0000000100000000)
  region size 1024K, 18 young (18432K), 2 survivors (2048K)
 Metaspace       used 56127K, committed 56640K, reserved 1105920K
  class space    used 7552K, committed 7808K, reserved 1048576K
}
Event: 20.007 GC heap after
{Heap after GC invocations=16 (full 0):
 garbage-first heap   total 48128K, used 22484K [0x00000000c9400000, 0x0000000100000000)
  region size 1024K, 3 young (3072K), 3 survivors (3072K)
 Metaspace       used 56127K, committed 56640K, reserved 1105920K
  class space    used 7552K, committed 7808K, reserved 1048576K
}
Event: 21.004 GC heap before
{Heap before GC invocations=16 (full 0):
 garbage-first heap   total 48128K, used 37844K [0x00000000c9400000, 0x0000000100000000)
  region size 1024K, 18 young (18432K), 3 survivors (3072K)
 Metaspace       used 57509K, committed 57920K, reserved 1105920K
  class space    used 7754K, committed 7936K, reserved 1048576K
}
Event: 21.014 GC heap after
{Heap after GC invocations=17 (full 0):
 garbage-first heap   total 48128K, used 24045K [0x00000000c9400000, 0x0000000100000000)
  region size 1024K, 3 young (3072K), 3 survivors (3072K)
 Metaspace       used 57509K, committed 57920K, reserved 1105920K
  class space    used 7754K, committed 7936K, reserved 1048576K
}
Event: 122.176 GC heap before
{Heap before GC invocations=17 (full 0):
 garbage-first heap   total 48128K, used 37357K [0x00000000c9400000, 0x0000000100000000)
  region size 1024K, 17 young (17408K), 3 survivors (3072K)
 Metaspace       used 59639K, committed 60096K, reserved 1105920K
  class space    used 8020K, committed 8256K, reserved 1048576K
}
Event: 122.238 GC heap after
{Heap after GC invocations=18 (full 0):
 garbage-first heap   total 48128K, used 25264K [0x00000000c9400000, 0x0000000100000000)
  region size 1024K, 3 young (3072K), 3 survivors (3072K)
 Metaspace       used 59639K, committed 60096K, reserved 1105920K
  class space    used 8020K, committed 8256K, reserved 1048576K
}
Event: 527.716 GC heap before
{Heap before GC invocations=19 (full 0):
 garbage-first heap   total 48128K, used 37552K [0x00000000c9400000, 0x0000000100000000)
  region size 1024K, 16 young (16384K), 3 survivors (3072K)
 Metaspace       used 63252K, committed 63680K, reserved 1105920K
  class space    used 8550K, committed 8768K, reserved 1048576K
}
Event: 527.875 GC heap after
{Heap after GC invocations=20 (full 0):
 garbage-first heap   total 48128K, used 25574K [0x00000000c9400000, 0x0000000100000000)
  region size 1024K, 1 young (1024K), 1 survivors (1024K)
 Metaspace       used 63252K, committed 63680K, reserved 1105920K
  class space    used 8550K, committed 8768K, reserved 1048576K
}

