# JRE version: Java(TM) SE Runtime Environment (17.0.7+8) (build 17.0.7+8-LTS-224)
# Java VM: Java HotSpot(TM) 64-Bit Server VM (17.0.7+8-LTS-224, mixed mode, sharing, tiered, compressed oops, compressed class ptrs, g1 gc, windows-amd64)
GC Precious Log:
 CPUs: 2 total, 2 available
 Memory: 3500M
 Large Page Support: Disabled
 NUMA Support: Disabled
 Compressed Oops: Enabled (32-bit)
 Heap Region Size: 1M
 Heap Min Capacity: 8M
 Heap Initial Capacity: 56M
 Heap Max Capacity: 876M
 Pre-touch: Disabled
 Parallel Workers: 2
 Concurrent Workers: 1
 Concurrent Refinement Workers: 2
 Periodic GC: Disabled
Heap:
 garbage-first heap   total 156672K, used 85432K [0x00000000c9400000, 0x0000000100000000)
  region size 1024K, 39 young (39936K), 1 survivors (1024K)
 Metaspace       used 32937K, committed 33344K, reserved 1081344K
  class space    used 3764K, committed 3968K, reserved 1048576K
GC Heap History (20 events):
Event: 11.370 GC heap before
{Heap before GC invocations=17 (full 0):
 garbage-first heap   total 69632K, used 52101K [0x00000000c9400000, 0x0000000100000000)
  region size 1024K, 15 young (15360K), 1 survivors (1024K)
 Metaspace       used 28013K, committed 28352K, reserved 1081344K
  class space    used 3225K, committed 3392K, reserved 1048576K
}
Event: 11.373 GC heap after
{Heap after GC invocations=18 (full 0):
 garbage-first heap   total 69632K, used 39122K [0x00000000c9400000, 0x0000000100000000)
  region size 1024K, 2 young (2048K), 2 survivors (2048K)
 Metaspace       used 28013K, committed 28352K, reserved 1081344K
  class space    used 3225K, committed 3392K, reserved 1048576K
}
Event: 11.844 GC heap before
{Heap before GC invocations=18 (full 0):
 garbage-first heap   total 69632K, used 52434K [0x00000000c9400000, 0x0000000100000000)
  region size 1024K, 16 young (16384K), 2 survivors (2048K)
 Metaspace       used 29103K, committed 29440K, reserved 1081344K
  class space    used 3339K, committed 3520K, reserved 1048576K
}
Event: 11.851 GC heap after
{Heap after GC invocations=19 (full 0):
 garbage-first heap   total 69632K, used 39448K [0x00000000c9400000, 0x0000000100000000)
  region size 1024K, 1 young (1024K), 1 survivors (1024K)
 Metaspace       used 29103K, committed 29440K, reserved 1081344K
  class space    used 3339K, committed 3520K, reserved 1048576K
}
Event: 12.034 GC heap before
{Heap before GC invocations=20 (full 0):
 garbage-first heap   total 69632K, used 41496K [0x00000000c9400000, 0x0000000100000000)
  region size 1024K, 4 young (4096K), 1 survivors (1024K)
 Metaspace       used 29367K, committed 29696K, reserved 1081344K
  class space    used 3378K, committed 3520K, reserved 1048576K
}
Event: 12.039 GC heap after
{Heap after GC invocations=21 (full 0):
 garbage-first heap   total 69632K, used 39920K [0x00000000c9400000, 0x0000000100000000)
  region size 1024K, 2 young (2048K), 2 survivors (2048K)
 Metaspace       used 29367K, committed 29696K, reserved 1081344K
  class space    used 3378K, committed 3520K, reserved 1048576K
}
Event: 12.670 GC heap before
{Heap before GC invocations=22 (full 0):
 garbage-first heap   total 69632K, used 50160K [0x00000000c9400000, 0x0000000100000000)
  region size 1024K, 12 young (12288K), 2 survivors (2048K)
 Metaspace       used 30108K, committed 30464K, reserved 1081344K
  class space    used 3476K, committed 3648K, reserved 1048576K
}
Event: 12.675 GC heap after
{Heap after GC invocations=23 (full 0):
 garbage-first heap   total 69632K, used 40481K [0x00000000c9400000, 0x0000000100000000)
  region size 1024K, 2 young (2048K), 2 survivors (2048K)
 Metaspace       used 30108K, committed 30464K, reserved 1081344K
  class space    used 3476K, committed 3648K, reserved 1048576K
}
Event: 13.182 GC heap before
{Heap before GC invocations=24 (full 0):
 garbage-first heap   total 76800K, used 57889K [0x00000000c9400000, 0x0000000100000000)
  region size 1024K, 17 young (17408K), 2 survivors (2048K)
 Metaspace       used 30175K, committed 30528K, reserved 1081344K
  class space    used 3477K, committed 3648K, reserved 1048576K
}
Event: 13.193 GC heap after
{Heap after GC invocations=25 (full 0):
 garbage-first heap   total 76800K, used 52827K [0x00000000c9400000, 0x0000000100000000)
  region size 1024K, 3 young (3072K), 3 survivors (3072K)
 Metaspace       used 30175K, committed 30528K, reserved 1081344K
  class space    used 3477K, committed 3648K, reserved 1048576K
}
Event: 13.198 GC heap before
{Heap before GC invocations=25 (full 0):
 garbage-first heap   total 76800K, used 53851K [0x00000000c9400000, 0x0000000100000000)
  region size 1024K, 4 young (4096K), 3 survivors (3072K)
 Metaspace       used 30175K, committed 30528K, reserved 1081344K
  class space    used 3477K, committed 3648K, reserved 1048576K
}
Event: 13.203 GC heap after
{Heap after GC invocations=26 (full 0):
 garbage-first heap   total 76800K, used 45899K [0x00000000c9400000, 0x0000000100000000)
  region size 1024K, 1 young (1024K), 1 survivors (1024K)
 Metaspace       used 30175K, committed 30528K, reserved 1081344K
  class space    used 3477K, committed 3648K, reserved 1048576K
}
Event: 13.273 GC heap before
{Heap before GC invocations=26 (full 0):
 garbage-first heap   total 76800K, used 47947K [0x00000000c9400000, 0x0000000100000000)
  region size 1024K, 3 young (3072K), 1 survivors (1024K)
 Metaspace       used 30177K, committed 30528K, reserved 1081344K
  class space    used 3477K, committed 3648K, reserved 1048576K
}
Event: 13.274 GC heap after
{Heap after GC invocations=27 (full 0):
 garbage-first heap   total 76800K, used 46857K [0x00000000c9400000, 0x0000000100000000)
  region size 1024K, 1 young (1024K), 1 survivors (1024K)
 Metaspace       used 30177K, committed 30528K, reserved 1081344K
  class space    used 3477K, committed 3648K, reserved 1048576K
}
Event: 13.558 GC heap before
{Heap before GC invocations=27 (full 0):
 garbage-first heap   total 76800K, used 58121K [0x00000000c9400000, 0x0000000100000000)
  region size 1024K, 12 young (12288K), 1 survivors (1024K)
 Metaspace       used 30193K, committed 30528K, reserved 1081344K
  class space    used 3477K, committed 3648K, reserved 1048576K
}
Event: 13.563 GC heap after
{Heap after GC invocations=28 (full 0):
 garbage-first heap   total 156672K, used 50718K [0x00000000c9400000, 0x0000000100000000)
  region size 1024K, 2 young (2048K), 2 survivors (2048K)
 Metaspace       used 30193K, committed 30528K, reserved 1081344K
  class space    used 3477K, committed 3648K, reserved 1048576K
}
Event: 15.208 GC heap before
{Heap before GC invocations=29 (full 0):
 garbage-first heap   total 156672K, used 90654K [0x00000000c9400000, 0x0000000100000000)
  region size 1024K, 44 young (45056K), 2 survivors (2048K)
 Metaspace       used 29906K, committed 30208K, reserved 1081344K
  class space    used 3440K, committed 3584K, reserved 1048576K
}
Event: 15.213 GC heap after
{Heap after GC invocations=30 (full 0):
 garbage-first heap   total 156672K, used 49689K [0x00000000c9400000, 0x0000000100000000)
  region size 1024K, 4 young (4096K), 4 survivors (4096K)
 Metaspace       used 29906K, committed 30208K, reserved 1081344K
  class space    used 3440K, committed 3584K, reserved 1048576K
}
Event: 15.269 GC heap before
{Heap before GC invocations=30 (full 0):
 garbage-first heap   total 156672K, used 51737K [0x00000000c9400000, 0x0000000100000000)
  region size 1024K, 7 young (7168K), 4 survivors (4096K)
 Metaspace       used 29915K, committed 30208K, reserved 1081344K
  class space    used 3440K, committed 3584K, reserved 1048576K
}
Event: 15.277 GC heap after
{Heap after GC invocations=31 (full 0):
 garbage-first heap   total 156672K, used 47544K [0x00000000c9400000, 0x0000000100000000)
  region size 1024K, 1 young (1024K), 1 survivors (1024K)
 Metaspace       used 29915K, committed 30208K, reserved 1081344K
  class space    used 3440K, committed 3584K, reserved 1048576K
}

