# JRE version: Java(TM) SE Runtime Environment (17.0.7+8) (build 17.0.7+8-LTS-224)
# Java VM: Java HotSpot(TM) 64-Bit Server VM (17.0.7+8-LTS-224, mixed mode, sharing, tiered, compressed oops, compressed class ptrs, g1 gc, windows-amd64)
GC Precious Log:
 CPUs: 2 total, 2 available
 Memory: 3500M
 Large Page Support: Disabled
 NUMA Support: Disabled
 Compressed Oops: Enabled (32-bit)
 Heap Region Size: 1M
 Heap Min Capacity: 8M
 Heap Initial Capacity: 56M
 Heap Max Capacity: 876M
 Pre-touch: Disabled
 Parallel Workers: 2
 Concurrent Workers: 1
 Concurrent Refinement Workers: 2
 Periodic GC: Disabled
Heap:
 garbage-first heap   total 183296K, used 83639K [0x00000000c9400000, 0x0000000100000000)
  region size 1024K, 41 young (41984K), 5 survivors (5120K)
 Metaspace       used 34559K, committed 35008K, reserved 1081344K
  class space    used 3957K, committed 4160K, reserved 1048576K
GC Heap History (20 events):
Event: 10.348 GC heap before
{Heap before GC invocations=14 (full 0):
 garbage-first heap   total 61440K, used 42386K [0x00000000c9400000, 0x0000000100000000)
  region size 1024K, 9 young (9216K), 2 survivors (2048K)
 Metaspace       used 26012K, committed 26368K, reserved 1073152K
  class space    used 3011K, committed 3200K, reserved 1048576K
}
Event: 10.354 GC heap after
{Heap after GC invocations=15 (full 0):
 garbage-first heap   total 73728K, used 36897K [0x00000000c9400000, 0x0000000100000000)
  region size 1024K, 2 young (2048K), 2 survivors (2048K)
 Metaspace       used 26012K, committed 26368K, reserved 1073152K
  class space    used 3011K, committed 3200K, reserved 1048576K
}
Event: 11.078 GC heap before
{Heap before GC invocations=15 (full 0):
 garbage-first heap   total 73728K, used 52257K [0x00000000c9400000, 0x0000000100000000)
  region size 1024K, 18 young (18432K), 2 survivors (2048K)
 Metaspace       used 26966K, committed 27328K, reserved 1081344K
  class space    used 3089K, committed 3264K, reserved 1048576K
}
Event: 11.084 GC heap after
{Heap after GC invocations=16 (full 0):
 garbage-first heap   total 73728K, used 38912K [0x00000000c9400000, 0x0000000100000000)
  region size 1024K, 3 young (3072K), 3 survivors (3072K)
 Metaspace       used 26966K, committed 27328K, reserved 1081344K
  class space    used 3089K, committed 3264K, reserved 1048576K
}
Event: 11.574 GC heap before
{Heap before GC invocations=17 (full 0):
 garbage-first heap   total 73728K, used 54272K [0x00000000c9400000, 0x0000000100000000)
  region size 1024K, 19 young (19456K), 3 survivors (3072K)
 Metaspace       used 27827K, committed 28160K, reserved 1081344K
  class space    used 3209K, committed 3392K, reserved 1048576K
}
Event: 11.584 GC heap after
{Heap after GC invocations=18 (full 0):
 garbage-first heap   total 73728K, used 39153K [0x00000000c9400000, 0x0000000100000000)
  region size 1024K, 1 young (1024K), 1 survivors (1024K)
 Metaspace       used 27827K, committed 28160K, reserved 1081344K
  class space    used 3209K, committed 3392K, reserved 1048576K
}
Event: 12.203 GC heap before
{Heap before GC invocations=18 (full 0):
 garbage-first heap   total 73728K, used 54513K [0x00000000c9400000, 0x0000000100000000)
  region size 1024K, 17 young (17408K), 1 survivors (1024K)
 Metaspace       used 29068K, committed 29440K, reserved 1081344K
  class space    used 3335K, committed 3520K, reserved 1048576K
}
Event: 12.206 GC heap after
{Heap after GC invocations=19 (full 0):
 garbage-first heap   total 73728K, used 39684K [0x00000000c9400000, 0x0000000100000000)
  region size 1024K, 1 young (1024K), 1 survivors (1024K)
 Metaspace       used 29068K, committed 29440K, reserved 1081344K
  class space    used 3335K, committed 3520K, reserved 1048576K
}
Event: 12.400 GC heap before
{Heap before GC invocations=20 (full 0):
 garbage-first heap   total 73728K, used 41732K [0x00000000c9400000, 0x0000000100000000)
  region size 1024K, 4 young (4096K), 1 survivors (1024K)
 Metaspace       used 29328K, committed 29632K, reserved 1081344K
  class space    used 3373K, committed 3520K, reserved 1048576K
}
Event: 12.403 GC heap after
{Heap after GC invocations=21 (full 0):
 garbage-first heap   total 73728K, used 40081K [0x00000000c9400000, 0x0000000100000000)
  region size 1024K, 2 young (2048K), 2 survivors (2048K)
 Metaspace       used 29328K, committed 29632K, reserved 1081344K
  class space    used 3373K, committed 3520K, reserved 1048576K
}
Event: 12.958 GC heap before
{Heap before GC invocations=22 (full 0):
 garbage-first heap   total 73728K, used 50321K [0x00000000c9400000, 0x0000000100000000)
  region size 1024K, 12 young (12288K), 2 survivors (2048K)
 Metaspace       used 30056K, committed 30400K, reserved 1081344K
  class space    used 3471K, committed 3648K, reserved 1048576K
}
Event: 12.963 GC heap after
{Heap after GC invocations=23 (full 0):
 garbage-first heap   total 73728K, used 40649K [0x00000000c9400000, 0x0000000100000000)
  region size 1024K, 2 young (2048K), 2 survivors (2048K)
 Metaspace       used 30056K, committed 30400K, reserved 1081344K
  class space    used 3471K, committed 3648K, reserved 1048576K
}
Event: 13.291 GC heap before
{Heap before GC invocations=24 (full 0):
 garbage-first heap   total 76800K, used 62153K [0x00000000c9400000, 0x0000000100000000)
  region size 1024K, 20 young (20480K), 2 survivors (2048K)
 Metaspace       used 30125K, committed 30464K, reserved 1081344K
  class space    used 3472K, committed 3648K, reserved 1048576K
}
Event: 13.303 GC heap after
{Heap after GC invocations=25 (full 0):
 garbage-first heap   total 76800K, used 53983K [0x00000000c9400000, 0x0000000100000000)
  region size 1024K, 3 young (3072K), 3 survivors (3072K)
 Metaspace       used 30125K, committed 30464K, reserved 1081344K
  class space    used 3472K, committed 3648K, reserved 1048576K
}
Event: 13.305 GC heap before
{Heap before GC invocations=25 (full 0):
 garbage-first heap   total 76800K, used 55007K [0x00000000c9400000, 0x0000000100000000)
  region size 1024K, 4 young (4096K), 3 survivors (3072K)
 Metaspace       used 30125K, committed 30464K, reserved 1081344K
  class space    used 3472K, committed 3648K, reserved 1048576K
}
Event: 13.308 GC heap after
{Heap after GC invocations=26 (full 0):
 garbage-first heap   total 76800K, used 44276K [0x00000000c9400000, 0x0000000100000000)
  region size 1024K, 1 young (1024K), 1 survivors (1024K)
 Metaspace       used 30125K, committed 30464K, reserved 1081344K
  class space    used 3472K, committed 3648K, reserved 1048576K
}
Event: 13.381 GC heap before
{Heap before GC invocations=26 (full 0):
 garbage-first heap   total 76800K, used 46324K [0x00000000c9400000, 0x0000000100000000)
  region size 1024K, 3 young (3072K), 1 survivors (1024K)
 Metaspace       used 30125K, committed 30464K, reserved 1081344K
  class space    used 3472K, committed 3648K, reserved 1048576K
}
Event: 13.384 GC heap after
{Heap after GC invocations=27 (full 0):
 garbage-first heap   total 183296K, used 44700K [0x00000000c9400000, 0x0000000100000000)
  region size 1024K, 1 young (1024K), 1 survivors (1024K)
 Metaspace       used 30125K, committed 30464K, reserved 1081344K
  class space    used 3472K, committed 3648K, reserved 1048576K
}
Event: 16.515 GC heap before
{Heap before GC invocations=27 (full 0):
 garbage-first heap   total 183296K, used 99996K [0x00000000c9400000, 0x0000000100000000)
  region size 1024K, 56 young (57344K), 1 survivors (1024K)
 Metaspace       used 31536K, committed 31872K, reserved 1081344K
  class space    used 3634K, committed 3776K, reserved 1048576K
}
Event: 16.521 GC heap after
{Heap after GC invocations=28 (full 0):
 garbage-first heap   total 183296K, used 47799K [0x00000000c9400000, 0x0000000100000000)
  region size 1024K, 5 young (5120K), 5 survivors (5120K)
 Metaspace       used 31536K, committed 31872K, reserved 1081344K
  class space    used 3634K, committed 3776K, reserved 1048576K
}

