# JRE version: Java(TM) SE Runtime Environment (17.0.7+8) (build 17.0.7+8-LTS-224)
# Java VM: Java HotSpot(TM) 64-Bit Server VM (17.0.7+8-LTS-224, mixed mode, sharing, tiered, compressed oops, compressed class ptrs, g1 gc, windows-amd64)
GC Precious Log:
 CPUs: 2 total, 2 available
 Memory: 3500M
 Large Page Support: Disabled
 NUMA Support: Disabled
 Compressed Oops: Enabled (32-bit)
 Heap Region Size: 1M
 Heap Min Capacity: 8M
 Heap Initial Capacity: 56M
 Heap Max Capacity: 876M
 Pre-touch: Disabled
 Parallel Workers: 2
 Concurrent Workers: 1
 Concurrent Refinement Workers: 2
 Periodic GC: Disabled
Heap:
 garbage-first heap   total 51200K, used 33707K [0x00000000c9400000, 0x0000000100000000)
  region size 1024K, 20 young (20480K), 3 survivors (3072K)
 Metaspace       used 42476K, committed 42944K, reserved 1089536K
  class space    used 5644K, committed 5888K, reserved 1048576K
GC Heap History (20 events):
Event: 0.879 GC heap before
{Heap before GC invocations=0 (full 0):
 garbage-first heap   total 57344K, used 6144K [0x00000000c9400000, 0x0000000100000000)
  region size 1024K, 6 young (6144K), 0 survivors (0K)
 Metaspace       used 990K, committed 1152K, reserved 1056768K
  class space    used 83K, committed 128K, reserved 1048576K
}
Event: 1.121 GC heap after
{Heap after GC invocations=1 (full 0):
 garbage-first heap   total 57344K, used 4611K [0x00000000c9400000, 0x0000000100000000)
  region size 1024K, 1 young (1024K), 1 survivors (1024K)
 Metaspace       used 990K, committed 1152K, reserved 1056768K
  class space    used 83K, committed 128K, reserved 1048576K
}
Event: 2.377 GC heap before
{Heap before GC invocations=1 (full 0):
 garbage-first heap   total 57344K, used 6659K [0x00000000c9400000, 0x0000000100000000)
  region size 1024K, 3 young (3072K), 1 survivors (1024K)
 Metaspace       used 1403K, committed 1536K, reserved 1056768K
  class space    used 132K, committed 192K, reserved 1048576K
}
Event: 2.379 GC heap after
{Heap after GC invocations=2 (full 0):
 garbage-first heap   total 57344K, used 6030K [0x00000000c9400000, 0x0000000100000000)
  region size 1024K, 1 young (1024K), 1 survivors (1024K)
 Metaspace       used 1403K, committed 1536K, reserved 1056768K
  class space    used 132K, committed 192K, reserved 1048576K
}
Event: 2.776 GC heap before
{Heap before GC invocations=2 (full 0):
 garbage-first heap   total 57344K, used 12174K [0x00000000c9400000, 0x0000000100000000)
  region size 1024K, 7 young (7168K), 1 survivors (1024K)
 Metaspace       used 2809K, committed 3008K, reserved 1056768K
  class space    used 303K, committed 384K, reserved 1048576K
}
Event: 2.779 GC heap after
{Heap after GC invocations=3 (full 0):
 garbage-first heap   total 57344K, used 7470K [0x00000000c9400000, 0x0000000100000000)
  region size 1024K, 1 young (1024K), 1 survivors (1024K)
 Metaspace       used 2809K, committed 3008K, reserved 1056768K
  class space    used 303K, committed 384K, reserved 1048576K
}
Event: 3.339 GC heap before
{Heap before GC invocations=3 (full 0):
 garbage-first heap   total 57344K, used 18734K [0x00000000c9400000, 0x0000000100000000)
  region size 1024K, 12 young (12288K), 1 survivors (1024K)
 Metaspace       used 5991K, committed 6208K, reserved 1056768K
  class space    used 747K, committed 832K, reserved 1048576K
}
Event: 3.342 GC heap after
{Heap after GC invocations=4 (full 0):
 garbage-first heap   total 57344K, used 8261K [0x00000000c9400000, 0x0000000100000000)
  region size 1024K, 2 young (2048K), 2 survivors (2048K)
 Metaspace       used 5991K, committed 6208K, reserved 1056768K
  class space    used 747K, committed 832K, reserved 1048576K
}
Event: 5.211 GC heap before
{Heap before GC invocations=4 (full 0):
 garbage-first heap   total 57344K, used 37957K [0x00000000c9400000, 0x0000000100000000)
  region size 1024K, 31 young (31744K), 2 survivors (2048K)
 Metaspace       used 12917K, committed 13184K, reserved 1064960K
  class space    used 1682K, committed 1792K, reserved 1048576K
}
Event: 5.219 GC heap after
{Heap after GC invocations=5 (full 0):
 garbage-first heap   total 57344K, used 10542K [0x00000000c9400000, 0x0000000100000000)
  region size 1024K, 4 young (4096K), 4 survivors (4096K)
 Metaspace       used 12917K, committed 13184K, reserved 1064960K
  class space    used 1682K, committed 1792K, reserved 1048576K
}
Event: 6.052 GC heap before
{Heap before GC invocations=5 (full 0):
 garbage-first heap   total 57344K, used 37166K [0x00000000c9400000, 0x0000000100000000)
  region size 1024K, 31 young (31744K), 4 survivors (4096K)
 Metaspace       used 19161K, committed 19456K, reserved 1073152K
  class space    used 2487K, committed 2624K, reserved 1048576K
}
Event: 6.060 GC heap after
{Heap after GC invocations=6 (full 0):
 garbage-first heap   total 57344K, used 11684K [0x00000000c9400000, 0x0000000100000000)
  region size 1024K, 2 young (2048K), 2 survivors (2048K)
 Metaspace       used 19161K, committed 19456K, reserved 1073152K
  class space    used 2487K, committed 2624K, reserved 1048576K
}
Event: 6.851 GC heap before
{Heap before GC invocations=6 (full 0):
 garbage-first heap   total 57344K, used 31140K [0x00000000c9400000, 0x0000000100000000)
  region size 1024K, 22 young (22528K), 2 survivors (2048K)
 Metaspace       used 21223K, committed 21504K, reserved 1073152K
  class space    used 2731K, committed 2880K, reserved 1048576K
}
Event: 6.856 GC heap after
{Heap after GC invocations=7 (full 0):
 garbage-first heap   total 57344K, used 13057K [0x00000000c9400000, 0x0000000100000000)
  region size 1024K, 3 young (3072K), 3 survivors (3072K)
 Metaspace       used 21223K, committed 21504K, reserved 1073152K
  class space    used 2731K, committed 2880K, reserved 1048576K
}
Event: 9.194 GC heap before
{Heap before GC invocations=8 (full 0):
 garbage-first heap   total 51200K, used 40705K [0x00000000c9400000, 0x0000000100000000)
  region size 1024K, 30 young (30720K), 3 survivors (3072K)
 Metaspace       used 25494K, committed 25792K, reserved 1073152K
  class space    used 3370K, committed 3520K, reserved 1048576K
}
Event: 9.202 GC heap after
{Heap after GC invocations=9 (full 0):
 garbage-first heap   total 51200K, used 15310K [0x00000000c9400000, 0x0000000100000000)
  region size 1024K, 4 young (4096K), 4 survivors (4096K)
 Metaspace       used 25494K, committed 25792K, reserved 1073152K
  class space    used 3370K, committed 3520K, reserved 1048576K
}
Event: 10.313 GC heap before
{Heap before GC invocations=9 (full 0):
 garbage-first heap   total 51200K, used 37838K [0x00000000c9400000, 0x0000000100000000)
  region size 1024K, 26 young (26624K), 4 survivors (4096K)
 Metaspace       used 30203K, committed 30592K, reserved 1081344K
  class space    used 4031K, committed 4224K, reserved 1048576K
}
Event: 10.321 GC heap after
{Heap after GC invocations=10 (full 0):
 garbage-first heap   total 51200K, used 16656K [0x00000000c9400000, 0x0000000100000000)
  region size 1024K, 2 young (2048K), 2 survivors (2048K)
 Metaspace       used 30203K, committed 30592K, reserved 1081344K
  class space    used 4031K, committed 4224K, reserved 1048576K
}
Event: 11.807 GC heap before
{Heap before GC invocations=10 (full 0):
 garbage-first heap   total 51200K, used 35088K [0x00000000c9400000, 0x0000000100000000)
  region size 1024K, 21 young (21504K), 2 survivors (2048K)
 Metaspace       used 35649K, committed 35968K, reserved 1081344K
  class space    used 4774K, committed 4928K, reserved 1048576K
}
Event: 11.818 GC heap after
{Heap after GC invocations=11 (full 0):
 garbage-first heap   total 51200K, used 18347K [0x00000000c9400000, 0x0000000100000000)
  region size 1024K, 3 young (3072K), 3 survivors (3072K)
 Metaspace       used 35649K, committed 35968K, reserved 1081344K
  class space    used 4774K, committed 4928K, reserved 1048576K
}

