# JRE version: Java(TM) SE Runtime Environment (17.0.7+8) (build 17.0.7+8-LTS-224)
# Java VM: Java HotSpot(TM) 64-Bit Server VM (17.0.7+8-LTS-224, mixed mode, sharing, tiered, compressed oops, compressed class ptrs, g1 gc, windows-amd64)
GC Precious Log:
 CPUs: 2 total, 2 available
 Memory: 3500M
 Large Page Support: Disabled
 NUMA Support: Disabled
 Compressed Oops: Enabled (32-bit)
 Heap Region Size: 1M
 Heap Min Capacity: 8M
 Heap Initial Capacity: 56M
 Heap Max Capacity: 876M
 Pre-touch: Disabled
 Parallel Workers: 2
 Concurrent Workers: 1
 Concurrent Refinement Workers: 2
 Periodic GC: Disabled
Heap:
 garbage-first heap   total 208896K, used 46462K [0x00000000c9400000, 0x0000000100000000)
  region size 1024K, 17 young (17408K), 1 survivors (1024K)
 Metaspace       used 32838K, committed 33280K, reserved 1081344K
  class space    used 3756K, committed 3968K, reserved 1048576K
GC Heap History (20 events):
Event: 13.205 GC heap before
{Heap before GC invocations=22 (full 0):
 garbage-first heap   total 71680K, used 59954K [0x00000000c9400000, 0x0000000100000000)
  region size 1024K, 19 young (19456K), 2 survivors (2048K)
 Metaspace       used 30135K, committed 30528K, reserved 1081344K
  class space    used 3476K, committed 3648K, reserved 1048576K
}
Event: 13.216 GC heap after
{Heap after GC invocations=23 (full 0):
 garbage-first heap   total 88064K, used 52577K [0x00000000c9400000, 0x0000000100000000)
  region size 1024K, 3 young (3072K), 3 survivors (3072K)
 Metaspace       used 30135K, committed 30528K, reserved 1081344K
  class space    used 3476K, committed 3648K, reserved 1048576K
}
Event: 13.221 GC heap before
{Heap before GC invocations=23 (full 0):
 garbage-first heap   total 88064K, used 53601K [0x00000000c9400000, 0x0000000100000000)
  region size 1024K, 4 young (4096K), 3 survivors (3072K)
 Metaspace       used 30135K, committed 30528K, reserved 1081344K
  class space    used 3476K, committed 3648K, reserved 1048576K
}
Event: 13.228 GC heap after
{Heap after GC invocations=24 (full 0):
 garbage-first heap   total 88064K, used 45836K [0x00000000c9400000, 0x0000000100000000)
  region size 1024K, 1 young (1024K), 1 survivors (1024K)
 Metaspace       used 30135K, committed 30528K, reserved 1081344K
  class space    used 3476K, committed 3648K, reserved 1048576K
}
Event: 13.283 GC heap before
{Heap before GC invocations=24 (full 0):
 garbage-first heap   total 88064K, used 48908K [0x00000000c9400000, 0x0000000100000000)
  region size 1024K, 4 young (4096K), 1 survivors (1024K)
 Metaspace       used 30136K, committed 30528K, reserved 1081344K
  class space    used 3476K, committed 3648K, reserved 1048576K
}
Event: 13.285 GC heap after
{Heap after GC invocations=25 (full 0):
 garbage-first heap   total 88064K, used 45684K [0x00000000c9400000, 0x0000000100000000)
  region size 1024K, 1 young (1024K), 1 survivors (1024K)
 Metaspace       used 30136K, committed 30528K, reserved 1081344K
  class space    used 3476K, committed 3648K, reserved 1048576K
}
Event: 13.909 GC heap before
{Heap before GC invocations=25 (full 0):
 garbage-first heap   total 88064K, used 63092K [0x00000000c9400000, 0x0000000100000000)
  region size 1024K, 18 young (18432K), 1 survivors (1024K)
 Metaspace       used 30157K, committed 30528K, reserved 1081344K
  class space    used 3476K, committed 3648K, reserved 1048576K
}
Event: 13.916 GC heap after
{Heap after GC invocations=26 (full 0):
 garbage-first heap   total 88064K, used 51852K [0x00000000c9400000, 0x0000000100000000)
  region size 1024K, 3 young (3072K), 3 survivors (3072K)
 Metaspace       used 30157K, committed 30528K, reserved 1081344K
  class space    used 3476K, committed 3648K, reserved 1048576K
}
Event: 14.462 GC heap before
{Heap before GC invocations=27 (full 0):
 garbage-first heap   total 88064K, used 63116K [0x00000000c9400000, 0x0000000100000000)
  region size 1024K, 17 young (17408K), 3 survivors (3072K)
 Metaspace       used 28988K, committed 29568K, reserved 1081344K
  class space    used 3337K, committed 3584K, reserved 1048576K
}
Event: 14.466 GC heap after
{Heap after GC invocations=28 (full 0):
 garbage-first heap   total 88064K, used 50989K [0x00000000c9400000, 0x0000000100000000)
  region size 1024K, 1 young (1024K), 1 survivors (1024K)
 Metaspace       used 28988K, committed 29568K, reserved 1081344K
  class space    used 3337K, committed 3584K, reserved 1048576K
}
Event: 14.555 GC heap before
{Heap before GC invocations=28 (full 0):
 garbage-first heap   total 88064K, used 53037K [0x00000000c9400000, 0x0000000100000000)
  region size 1024K, 4 young (4096K), 1 survivors (1024K)
 Metaspace       used 29111K, committed 29568K, reserved 1081344K
  class space    used 3356K, committed 3584K, reserved 1048576K
}
Event: 14.558 GC heap after
{Heap after GC invocations=29 (full 0):
 garbage-first heap   total 88064K, used 46829K [0x00000000c9400000, 0x0000000100000000)
  region size 1024K, 1 young (1024K), 1 survivors (1024K)
 Metaspace       used 29111K, committed 29568K, reserved 1081344K
  class space    used 3356K, committed 3584K, reserved 1048576K
}
Event: 15.516 GC heap before
{Heap before GC invocations=29 (full 0):
 garbage-first heap   total 88064K, used 63213K [0x00000000c9400000, 0x0000000100000000)
  region size 1024K, 18 young (18432K), 1 survivors (1024K)
 Metaspace       used 29880K, committed 30208K, reserved 1081344K
  class space    used 3438K, committed 3584K, reserved 1048576K
}
Event: 15.519 GC heap after
{Heap after GC invocations=30 (full 0):
 garbage-first heap   total 88064K, used 46271K [0x00000000c9400000, 0x0000000100000000)
  region size 1024K, 1 young (1024K), 1 survivors (1024K)
 Metaspace       used 29880K, committed 30208K, reserved 1081344K
  class space    used 3438K, committed 3584K, reserved 1048576K
}
Event: 16.158 GC heap before
{Heap before GC invocations=31 (full 0):
 garbage-first heap   total 88064K, used 64703K [0x00000000c9400000, 0x0000000100000000)
  region size 1024K, 20 young (20480K), 1 survivors (1024K)
 Metaspace       used 30352K, committed 30720K, reserved 1081344K
  class space    used 3475K, committed 3648K, reserved 1048576K
}
Event: 16.165 GC heap after
{Heap after GC invocations=32 (full 0):
 garbage-first heap   total 88064K, used 46036K [0x00000000c9400000, 0x0000000100000000)
  region size 1024K, 2 young (2048K), 2 survivors (2048K)
 Metaspace       used 30352K, committed 30720K, reserved 1081344K
  class space    used 3475K, committed 3648K, reserved 1048576K
}
Event: 16.220 GC heap before
{Heap before GC invocations=32 (full 0):
 garbage-first heap   total 88064K, used 48084K [0x00000000c9400000, 0x0000000100000000)
  region size 1024K, 4 young (4096K), 2 survivors (2048K)
 Metaspace       used 30449K, committed 30848K, reserved 1081344K
  class space    used 3487K, committed 3648K, reserved 1048576K
}
Event: 16.223 GC heap after
{Heap after GC invocations=33 (full 0):
 garbage-first heap   total 88064K, used 36459K [0x00000000c9400000, 0x0000000100000000)
  region size 1024K, 1 young (1024K), 1 survivors (1024K)
 Metaspace       used 30449K, committed 30848K, reserved 1081344K
  class space    used 3487K, committed 3648K, reserved 1048576K
}
Event: 16.511 GC heap before
{Heap before GC invocations=33 (full 0):
 garbage-first heap   total 88064K, used 39531K [0x00000000c9400000, 0x0000000100000000)
  region size 1024K, 4 young (4096K), 1 survivors (1024K)
 Metaspace       used 31038K, committed 31488K, reserved 1081344K
  class space    used 3545K, committed 3776K, reserved 1048576K
}
Event: 16.516 GC heap after
{Heap after GC invocations=34 (full 0):
 garbage-first heap   total 208896K, used 31102K [0x00000000c9400000, 0x0000000100000000)
  region size 1024K, 1 young (1024K), 1 survivors (1024K)
 Metaspace       used 31038K, committed 31488K, reserved 1081344K
  class space    used 3545K, committed 3776K, reserved 1048576K
}

