# JRE version: Java(TM) SE Runtime Environment (17.0.7+8) (build 17.0.7+8-LTS-224)
# Java VM: Java HotSpot(TM) 64-Bit Server VM (17.0.7+8-LTS-224, mixed mode, sharing, tiered, compressed oops, compressed class ptrs, g1 gc, windows-amd64)
GC Precious Log:
 CPUs: 2 total, 2 available
 Memory: 3500M
 Large Page Support: Disabled
 NUMA Support: Disabled
 Compressed Oops: Enabled (32-bit)
 Heap Region Size: 1M
 Heap Min Capacity: 8M
 Heap Initial Capacity: 56M
 Heap Max Capacity: 876M
 Pre-touch: Disabled
 Parallel Workers: 2
 Concurrent Workers: 1
 Concurrent Refinement Workers: 2
 Periodic GC: Disabled
Heap:
 garbage-first heap   total 145408K, used 68904K [0x00000000c9400000, 0x0000000100000000)
  region size 1024K, 21 young (21504K), 2 survivors (2048K)
 Metaspace       used 34571K, committed 35008K, reserved 1081344K
  class space    used 3958K, committed 4160K, reserved 1048576K
GC Heap History (20 events):
Event: 10.979 GC heap before
{Heap before GC invocations=11 (full 0):
 garbage-first heap   total 70656K, used 52349K [0x00000000c9400000, 0x0000000100000000)
  region size 1024K, 19 young (19456K), 4 survivors (4096K)
 Metaspace       used 26177K, committed 26496K, reserved 1073152K
  class space    used 3021K, committed 3200K, reserved 1048576K
}
Event: 10.987 GC heap after
{Heap after GC invocations=12 (full 0):
 garbage-first heap   total 70656K, used 40448K [0x00000000c9400000, 0x0000000100000000)
  region size 1024K, 3 young (3072K), 3 survivors (3072K)
 Metaspace       used 26177K, committed 26496K, reserved 1073152K
  class space    used 3021K, committed 3200K, reserved 1048576K
}
Event: 11.935 GC heap before
{Heap before GC invocations=13 (full 0):
 garbage-first heap   total 70656K, used 50688K [0x00000000c9400000, 0x0000000100000000)
  region size 1024K, 16 young (16384K), 3 survivors (3072K)
 Metaspace       used 27135K, committed 27456K, reserved 1081344K
  class space    used 3133K, committed 3264K, reserved 1048576K
}
Event: 11.965 GC heap after
{Heap after GC invocations=14 (full 0):
 garbage-first heap   total 70656K, used 39602K [0x00000000c9400000, 0x0000000100000000)
  region size 1024K, 1 young (1024K), 1 survivors (1024K)
 Metaspace       used 27135K, committed 27456K, reserved 1081344K
  class space    used 3133K, committed 3264K, reserved 1048576K
}
Event: 12.818 GC heap before
{Heap before GC invocations=14 (full 0):
 garbage-first heap   total 70656K, used 53938K [0x00000000c9400000, 0x0000000100000000)
  region size 1024K, 16 young (16384K), 1 survivors (1024K)
 Metaspace       used 28197K, committed 28480K, reserved 1081344K
  class space    used 3242K, committed 3392K, reserved 1048576K
}
Event: 12.960 GC heap after
{Heap after GC invocations=15 (full 0):
 garbage-first heap   total 70656K, used 39855K [0x00000000c9400000, 0x0000000100000000)
  region size 1024K, 2 young (2048K), 2 survivors (2048K)
 Metaspace       used 28197K, committed 28480K, reserved 1081344K
  class space    used 3242K, committed 3392K, reserved 1048576K
}
Event: 13.862 GC heap before
{Heap before GC invocations=16 (full 0):
 garbage-first heap   total 70656K, used 53167K [0x00000000c9400000, 0x0000000100000000)
  region size 1024K, 17 young (17408K), 2 survivors (2048K)
 Metaspace       used 29463K, committed 29760K, reserved 1081344K
  class space    used 3384K, committed 3520K, reserved 1048576K
}
Event: 13.867 GC heap after
{Heap after GC invocations=17 (full 0):
 garbage-first heap   total 70656K, used 40474K [0x00000000c9400000, 0x0000000100000000)
  region size 1024K, 2 young (2048K), 2 survivors (2048K)
 Metaspace       used 29463K, committed 29760K, reserved 1081344K
  class space    used 3384K, committed 3520K, reserved 1048576K
}
Event: 14.683 GC heap before
{Heap before GC invocations=18 (full 0):
 garbage-first heap   total 70656K, used 49690K [0x00000000c9400000, 0x0000000100000000)
  region size 1024K, 12 young (12288K), 2 survivors (2048K)
 Metaspace       used 30197K, committed 30528K, reserved 1081344K
  class space    used 3483K, committed 3648K, reserved 1048576K
}
Event: 14.688 GC heap after
{Heap after GC invocations=19 (full 0):
 garbage-first heap   total 70656K, used 41111K [0x00000000c9400000, 0x0000000100000000)
  region size 1024K, 2 young (2048K), 2 survivors (2048K)
 Metaspace       used 30197K, committed 30528K, reserved 1081344K
  class space    used 3483K, committed 3648K, reserved 1048576K
}
Event: 14.960 GC heap before
{Heap before GC invocations=20 (full 0):
 garbage-first heap   total 70656K, used 59543K [0x00000000c9400000, 0x0000000100000000)
  region size 1024K, 17 young (17408K), 2 survivors (2048K)
 Metaspace       used 30261K, committed 30592K, reserved 1081344K
  class space    used 3483K, committed 3648K, reserved 1048576K
}
Event: 14.970 GC heap after
{Heap after GC invocations=21 (full 0):
 garbage-first heap   total 72704K, used 54402K [0x00000000c9400000, 0x0000000100000000)
  region size 1024K, 3 young (3072K), 3 survivors (3072K)
 Metaspace       used 30261K, committed 30592K, reserved 1081344K
  class space    used 3483K, committed 3648K, reserved 1048576K
}
Event: 14.978 GC heap before
{Heap before GC invocations=21 (full 0):
 garbage-first heap   total 72704K, used 55426K [0x00000000c9400000, 0x0000000100000000)
  region size 1024K, 4 young (4096K), 3 survivors (3072K)
 Metaspace       used 30261K, committed 30592K, reserved 1081344K
  class space    used 3483K, committed 3648K, reserved 1048576K
}
Event: 14.983 GC heap after
{Heap after GC invocations=22 (full 0):
 garbage-first heap   total 72704K, used 46836K [0x00000000c9400000, 0x0000000100000000)
  region size 1024K, 1 young (1024K), 1 survivors (1024K)
 Metaspace       used 30261K, committed 30592K, reserved 1081344K
  class space    used 3483K, committed 3648K, reserved 1048576K
}
Event: 15.016 GC heap before
{Heap before GC invocations=22 (full 0):
 garbage-first heap   total 72704K, used 47860K [0x00000000c9400000, 0x0000000100000000)
  region size 1024K, 3 young (3072K), 1 survivors (1024K)
 Metaspace       used 30263K, committed 30592K, reserved 1081344K
  class space    used 3483K, committed 3648K, reserved 1048576K
}
Event: 15.019 GC heap after
{Heap after GC invocations=23 (full 0):
 garbage-first heap   total 145408K, used 43912K [0x00000000c9400000, 0x0000000100000000)
  region size 1024K, 1 young (1024K), 1 survivors (1024K)
 Metaspace       used 30263K, committed 30592K, reserved 1081344K
  class space    used 3483K, committed 3648K, reserved 1048576K
}
Event: 16.592 GC heap before
{Heap before GC invocations=23 (full 0):
 garbage-first heap   total 145408K, used 81800K [0x00000000c9400000, 0x0000000100000000)
  region size 1024K, 39 young (39936K), 1 survivors (1024K)
 Metaspace       used 30995K, committed 31296K, reserved 1081344K
  class space    used 3572K, committed 3712K, reserved 1048576K
}
Event: 16.603 GC heap after
{Heap after GC invocations=24 (full 0):
 garbage-first heap   total 145408K, used 51530K [0x00000000c9400000, 0x0000000100000000)
  region size 1024K, 5 young (5120K), 5 survivors (5120K)
 Metaspace       used 30995K, committed 31296K, reserved 1081344K
  class space    used 3572K, committed 3712K, reserved 1048576K
}
Event: 17.950 GC heap before
{Heap before GC invocations=24 (full 0):
 garbage-first heap   total 145408K, used 88394K [0x00000000c9400000, 0x0000000100000000)
  region size 1024K, 42 young (43008K), 5 survivors (5120K)
 Metaspace       used 32230K, committed 32576K, reserved 1081344K
  class space    used 3695K, committed 3840K, reserved 1048576K
}
Event: 17.957 GC heap after
{Heap after GC invocations=25 (full 0):
 garbage-first heap   total 145408K, used 50472K [0x00000000c9400000, 0x0000000100000000)
  region size 1024K, 2 young (2048K), 2 survivors (2048K)
 Metaspace       used 32230K, committed 32576K, reserved 1081344K
  class space    used 3695K, committed 3840K, reserved 1048576K
}

