# JRE version: Java(TM) SE Runtime Environment (17.0.7+8) (build 17.0.7+8-LTS-224)
# Java VM: Java HotSpot(TM) 64-Bit Server VM (17.0.7+8-LTS-224, mixed mode, sharing, tiered, compressed oops, compressed class ptrs, g1 gc, windows-amd64)
GC Precious Log:
 CPUs: 2 total, 2 available
 Memory: 3500M
 Large Page Support: Disabled
 NUMA Support: Disabled
 Compressed Oops: Enabled (32-bit)
 Heap Region Size: 1M
 Heap Min Capacity: 8M
 Heap Initial Capacity: 56M
 Heap Max Capacity: 876M
 Pre-touch: Disabled
 Parallel Workers: 2
 Concurrent Workers: 1
 Concurrent Refinement Workers: 2
 Periodic GC: Disabled
Heap:
 garbage-first heap   total 48128K, used 33316K [0x00000000c9400000, 0x0000000100000000)
  region size 1024K, 18 young (18432K), 3 survivors (3072K)
 Metaspace       used 47274K, committed 47680K, reserved 1097728K
  class space    used 6311K, committed 6528K, reserved 1048576K
GC Heap History (20 events):
Event: 1.025 GC heap before
{Heap before GC invocations=2 (full 0):
 garbage-first heap   total 57344K, used 11936K [0x00000000c9400000, 0x0000000100000000)
  region size 1024K, 7 young (7168K), 1 survivors (1024K)
 Metaspace       used 2763K, committed 2880K, reserved 1056768K
  class space    used 298K, committed 384K, reserved 1048576K
}
Event: 1.031 GC heap after
{Heap after GC invocations=3 (full 0):
 garbage-first heap   total 57344K, used 7294K [0x00000000c9400000, 0x0000000100000000)
  region size 1024K, 1 young (1024K), 1 survivors (1024K)
 Metaspace       used 2763K, committed 2880K, reserved 1056768K
  class space    used 298K, committed 384K, reserved 1048576K
}
Event: 1.587 GC heap before
{Heap before GC invocations=3 (full 0):
 garbage-first heap   total 57344K, used 19582K [0x00000000c9400000, 0x0000000100000000)
  region size 1024K, 13 young (13312K), 1 survivors (1024K)
 Metaspace       used 6490K, committed 6720K, reserved 1056768K
  class space    used 804K, committed 896K, reserved 1048576K
}
Event: 1.591 GC heap after
{Heap after GC invocations=4 (full 0):
 garbage-first heap   total 57344K, used 8133K [0x00000000c9400000, 0x0000000100000000)
  region size 1024K, 2 young (2048K), 2 survivors (2048K)
 Metaspace       used 6490K, committed 6720K, reserved 1056768K
  class space    used 804K, committed 896K, reserved 1048576K
}
Event: 2.847 GC heap before
{Heap before GC invocations=4 (full 0):
 garbage-first heap   total 57344K, used 37829K [0x00000000c9400000, 0x0000000100000000)
  region size 1024K, 31 young (31744K), 2 survivors (2048K)
 Metaspace       used 12854K, committed 13120K, reserved 1064960K
  class space    used 1671K, committed 1792K, reserved 1048576K
}
Event: 2.855 GC heap after
{Heap after GC invocations=5 (full 0):
 garbage-first heap   total 57344K, used 10366K [0x00000000c9400000, 0x0000000100000000)
  region size 1024K, 4 young (4096K), 4 survivors (4096K)
 Metaspace       used 12854K, committed 13120K, reserved 1064960K
  class space    used 1671K, committed 1792K, reserved 1048576K
}
Event: 3.397 GC heap before
{Heap before GC invocations=5 (full 0):
 garbage-first heap   total 57344K, used 38014K [0x00000000c9400000, 0x0000000100000000)
  region size 1024K, 31 young (31744K), 4 survivors (4096K)
 Metaspace       used 19148K, committed 19456K, reserved 1073152K
  class space    used 2475K, committed 2624K, reserved 1048576K
}
Event: 3.405 GC heap after
{Heap after GC invocations=6 (full 0):
 garbage-first heap   total 57344K, used 11522K [0x00000000c9400000, 0x0000000100000000)
  region size 1024K, 2 young (2048K), 2 survivors (2048K)
 Metaspace       used 19148K, committed 19456K, reserved 1073152K
  class space    used 2475K, committed 2624K, reserved 1048576K
}
Event: 4.209 GC heap before
{Heap before GC invocations=6 (full 0):
 garbage-first heap   total 57344K, used 29954K [0x00000000c9400000, 0x0000000100000000)
  region size 1024K, 22 young (22528K), 2 survivors (2048K)
 Metaspace       used 21225K, committed 21504K, reserved 1073152K
  class space    used 2723K, committed 2880K, reserved 1048576K
}
Event: 4.213 GC heap after
{Heap after GC invocations=7 (full 0):
 garbage-first heap   total 57344K, used 12865K [0x00000000c9400000, 0x0000000100000000)
  region size 1024K, 3 young (3072K), 3 survivors (3072K)
 Metaspace       used 21225K, committed 21504K, reserved 1073152K
  class space    used 2723K, committed 2880K, reserved 1048576K
}
Event: 5.688 GC heap before
{Heap before GC invocations=8 (full 0):
 garbage-first heap   total 48128K, used 38465K [0x00000000c9400000, 0x0000000100000000)
  region size 1024K, 28 young (28672K), 3 survivors (3072K)
 Metaspace       used 25130K, committed 25472K, reserved 1073152K
  class space    used 3286K, committed 3456K, reserved 1048576K
}
Event: 5.696 GC heap after
{Heap after GC invocations=9 (full 0):
 garbage-first heap   total 48128K, used 14871K [0x00000000c9400000, 0x0000000100000000)
  region size 1024K, 4 young (4096K), 4 survivors (4096K)
 Metaspace       used 25130K, committed 25472K, reserved 1073152K
  class space    used 3286K, committed 3456K, reserved 1048576K
}
Event: 6.588 GC heap before
{Heap before GC invocations=9 (full 0):
 garbage-first heap   total 48128K, used 35351K [0x00000000c9400000, 0x0000000100000000)
  region size 1024K, 24 young (24576K), 4 survivors (4096K)
 Metaspace       used 28832K, committed 29184K, reserved 1081344K
  class space    used 3821K, committed 3968K, reserved 1048576K
}
Event: 6.596 GC heap after
{Heap after GC invocations=10 (full 0):
 garbage-first heap   total 48128K, used 16287K [0x00000000c9400000, 0x0000000100000000)
  region size 1024K, 2 young (2048K), 2 survivors (2048K)
 Metaspace       used 28832K, committed 29184K, reserved 1081344K
  class space    used 3821K, committed 3968K, reserved 1048576K
}
Event: 7.245 GC heap before
{Heap before GC invocations=10 (full 0):
 garbage-first heap   total 48128K, used 35743K [0x00000000c9400000, 0x0000000100000000)
  region size 1024K, 21 young (21504K), 2 survivors (2048K)
 Metaspace       used 33748K, committed 34048K, reserved 1081344K
  class space    used 4532K, committed 4672K, reserved 1048576K
}
Event: 7.250 GC heap after
{Heap after GC invocations=11 (full 0):
 garbage-first heap   total 48128K, used 17408K [0x00000000c9400000, 0x0000000100000000)
  region size 1024K, 3 young (3072K), 3 survivors (3072K)
 Metaspace       used 33748K, committed 34048K, reserved 1081344K
  class space    used 4532K, committed 4672K, reserved 1048576K
}
Event: 7.824 GC heap before
{Heap before GC invocations=11 (full 0):
 garbage-first heap   total 48128K, used 21504K [0x00000000c9400000, 0x0000000100000000)
  region size 1024K, 8 young (8192K), 3 survivors (3072K)
 Metaspace       used 35667K, committed 35968K, reserved 1081344K
  class space    used 4763K, committed 4928K, reserved 1048576K
}
Event: 7.830 GC heap after
{Heap after GC invocations=12 (full 0):
 garbage-first heap   total 48128K, used 18269K [0x00000000c9400000, 0x0000000100000000)
  region size 1024K, 3 young (3072K), 3 survivors (3072K)
 Metaspace       used 35667K, committed 35968K, reserved 1081344K
  class space    used 4763K, committed 4928K, reserved 1048576K
}
Event: 9.160 GC heap before
{Heap before GC invocations=13 (full 0):
 garbage-first heap   total 48128K, used 36701K [0x00000000c9400000, 0x0000000100000000)
  region size 1024K, 21 young (21504K), 3 survivors (3072K)
 Metaspace       used 42674K, committed 43072K, reserved 1089536K
  class space    used 5660K, committed 5888K, reserved 1048576K
}
Event: 9.166 GC heap after
{Heap after GC invocations=14 (full 0):
 garbage-first heap   total 48128K, used 20004K [0x00000000c9400000, 0x0000000100000000)
  region size 1024K, 3 young (3072K), 3 survivors (3072K)
 Metaspace       used 42674K, committed 43072K, reserved 1089536K
  class space    used 5660K, committed 5888K, reserved 1048576K
}

