# JRE version: Java(TM) SE Runtime Environment (17.0.7+8) (build 17.0.7+8-LTS-224)
# Java VM: Java HotSpot(TM) 64-Bit Server VM (17.0.7+8-LTS-224, mixed mode, sharing, tiered, compressed oops, compressed class ptrs, g1 gc, windows-amd64)
GC Precious Log:
 CPUs: 2 total, 2 available
 Memory: 3500M
 Large Page Support: Disabled
 NUMA Support: Disabled
 Compressed Oops: Enabled (32-bit)
 Heap Region Size: 1M
 Heap Min Capacity: 8M
 Heap Initial Capacity: 56M
 Heap Max Capacity: 876M
 Pre-touch: Disabled
 Parallel Workers: 2
 Concurrent Workers: 1
 Concurrent Refinement Workers: 2
 Periodic GC: Disabled
Heap:
 garbage-first heap   total 157696K, used 82771K [0x00000000c9400000, 0x0000000100000000)
  region size 1024K, 36 young (36864K), 1 survivors (1024K)
 Metaspace       used 32895K, committed 33280K, reserved 1081344K
  class space    used 3756K, committed 3968K, reserved 1048576K
GC Heap History (20 events):
Event: 10.768 GC heap before
{Heap before GC invocations=13 (full 0):
 garbage-first heap   total 69632K, used 51200K [0x00000000c9400000, 0x0000000100000000)
  region size 1024K, 17 young (17408K), 3 survivors (3072K)
 Metaspace       used 27098K, committed 27456K, reserved 1081344K
  class space    used 3132K, committed 3328K, reserved 1048576K
}
Event: 10.773 GC heap after
{Heap after GC invocations=14 (full 0):
 garbage-first heap   total 69632K, used 38621K [0x00000000c9400000, 0x0000000100000000)
  region size 1024K, 1 young (1024K), 1 survivors (1024K)
 Metaspace       used 27098K, committed 27456K, reserved 1081344K
  class space    used 3132K, committed 3328K, reserved 1048576K
}
Event: 11.322 GC heap before
{Heap before GC invocations=15 (full 0):
 garbage-first heap   total 69632K, used 52957K [0x00000000c9400000, 0x0000000100000000)
  region size 1024K, 16 young (16384K), 1 survivors (1024K)
 Metaspace       used 28191K, committed 28544K, reserved 1081344K
  class space    used 3250K, committed 3392K, reserved 1048576K
}
Event: 11.325 GC heap after
{Heap after GC invocations=16 (full 0):
 garbage-first heap   total 69632K, used 38893K [0x00000000c9400000, 0x0000000100000000)
  region size 1024K, 2 young (2048K), 2 survivors (2048K)
 Metaspace       used 28191K, committed 28544K, reserved 1081344K
  class space    used 3250K, committed 3392K, reserved 1048576K
}
Event: 11.842 GC heap before
{Heap before GC invocations=16 (full 0):
 garbage-first heap   total 69632K, used 51181K [0x00000000c9400000, 0x0000000100000000)
  region size 1024K, 16 young (16384K), 2 survivors (2048K)
 Metaspace       used 29576K, committed 29888K, reserved 1081344K
  class space    used 3416K, committed 3584K, reserved 1048576K
}
Event: 11.847 GC heap after
{Heap after GC invocations=17 (full 0):
 garbage-first heap   total 69632K, used 39716K [0x00000000c9400000, 0x0000000100000000)
  region size 1024K, 2 young (2048K), 2 survivors (2048K)
 Metaspace       used 29576K, committed 29888K, reserved 1081344K
  class space    used 3416K, committed 3584K, reserved 1048576K
}
Event: 12.302 GC heap before
{Heap before GC invocations=18 (full 0):
 garbage-first heap   total 70656K, used 46884K [0x00000000c9400000, 0x0000000100000000)
  region size 1024K, 10 young (10240K), 2 survivors (2048K)
 Metaspace       used 30035K, committed 30400K, reserved 1081344K
  class space    used 3469K, committed 3648K, reserved 1048576K
}
Event: 12.308 GC heap after
{Heap after GC invocations=19 (full 0):
 garbage-first heap   total 70656K, used 40065K [0x00000000c9400000, 0x0000000100000000)
  region size 1024K, 2 young (2048K), 2 survivors (2048K)
 Metaspace       used 30035K, committed 30400K, reserved 1081344K
  class space    used 3469K, committed 3648K, reserved 1048576K
}
Event: 12.551 GC heap before
{Heap before GC invocations=20 (full 0):
 garbage-first heap   total 78848K, used 60545K [0x00000000c9400000, 0x0000000100000000)
  region size 1024K, 18 young (18432K), 2 survivors (2048K)
 Metaspace       used 30088K, committed 30464K, reserved 1081344K
  class space    used 3470K, committed 3648K, reserved 1048576K
}
Event: 12.561 GC heap after
{Heap after GC invocations=21 (full 0):
 garbage-first heap   total 78848K, used 53016K [0x00000000c9400000, 0x0000000100000000)
  region size 1024K, 3 young (3072K), 3 survivors (3072K)
 Metaspace       used 30088K, committed 30464K, reserved 1081344K
  class space    used 3470K, committed 3648K, reserved 1048576K
}
Event: 12.597 GC heap before
{Heap before GC invocations=21 (full 0):
 garbage-first heap   total 78848K, used 54040K [0x00000000c9400000, 0x0000000100000000)
  region size 1024K, 4 young (4096K), 3 survivors (3072K)
 Metaspace       used 30089K, committed 30464K, reserved 1081344K
  class space    used 3470K, committed 3648K, reserved 1048576K
}
Event: 12.603 GC heap after
{Heap after GC invocations=22 (full 0):
 garbage-first heap   total 78848K, used 47345K [0x00000000c9400000, 0x0000000100000000)
  region size 1024K, 1 young (1024K), 1 survivors (1024K)
 Metaspace       used 30089K, committed 30464K, reserved 1081344K
  class space    used 3470K, committed 3648K, reserved 1048576K
}
Event: 12.617 GC heap before
{Heap before GC invocations=22 (full 0):
 garbage-first heap   total 78848K, used 49393K [0x00000000c9400000, 0x0000000100000000)
  region size 1024K, 3 young (3072K), 1 survivors (1024K)
 Metaspace       used 30090K, committed 30464K, reserved 1081344K
  class space    used 3470K, committed 3648K, reserved 1048576K
}
Event: 12.621 GC heap after
{Heap after GC invocations=23 (full 0):
 garbage-first heap   total 78848K, used 45528K [0x00000000c9400000, 0x0000000100000000)
  region size 1024K, 1 young (1024K), 1 survivors (1024K)
 Metaspace       used 30090K, committed 30464K, reserved 1081344K
  class space    used 3470K, committed 3648K, reserved 1048576K
}
Event: 13.511 GC heap before
{Heap before GC invocations=23 (full 0):
 garbage-first heap   total 78848K, used 58840K [0x00000000c9400000, 0x0000000100000000)
  region size 1024K, 14 young (14336K), 1 survivors (1024K)
 Metaspace       used 30108K, committed 30464K, reserved 1081344K
  class space    used 3470K, committed 3648K, reserved 1048576K
}
Event: 13.516 GC heap after
{Heap after GC invocations=24 (full 0):
 garbage-first heap   total 157696K, used 50745K [0x00000000c9400000, 0x0000000100000000)
  region size 1024K, 2 young (2048K), 2 survivors (2048K)
 Metaspace       used 30108K, committed 30464K, reserved 1081344K
  class space    used 3470K, committed 3648K, reserved 1048576K
}
Event: 15.384 GC heap before
{Heap before GC invocations=25 (full 0):
 garbage-first heap   total 157696K, used 90681K [0x00000000c9400000, 0x0000000100000000)
  region size 1024K, 44 young (45056K), 2 survivors (2048K)
 Metaspace       used 29857K, committed 30208K, reserved 1081344K
  class space    used 3433K, committed 3584K, reserved 1048576K
}
Event: 15.390 GC heap after
{Heap after GC invocations=26 (full 0):
 garbage-first heap   total 157696K, used 49424K [0x00000000c9400000, 0x0000000100000000)
  region size 1024K, 4 young (4096K), 4 survivors (4096K)
 Metaspace       used 29857K, committed 30208K, reserved 1081344K
  class space    used 3433K, committed 3584K, reserved 1048576K
}
Event: 15.467 GC heap before
{Heap before GC invocations=26 (full 0):
 garbage-first heap   total 157696K, used 51472K [0x00000000c9400000, 0x0000000100000000)
  region size 1024K, 7 young (7168K), 4 survivors (4096K)
 Metaspace       used 29910K, committed 30208K, reserved 1081344K
  class space    used 3434K, committed 3584K, reserved 1048576K
}
Event: 15.472 GC heap after
{Heap after GC invocations=27 (full 0):
 garbage-first heap   total 157696K, used 47955K [0x00000000c9400000, 0x0000000100000000)
  region size 1024K, 1 young (1024K), 1 survivors (1024K)
 Metaspace       used 29910K, committed 30208K, reserved 1081344K
  class space    used 3434K, committed 3584K, reserved 1048576K
}

