# JRE version: Java(TM) SE Runtime Environment (17.0.7+8) (build 17.0.7+8-LTS-224)
# Java VM: Java HotSpot(TM) 64-Bit Server VM (17.0.7+8-LTS-224, mixed mode, sharing, tiered, compressed oops, compressed class ptrs, g1 gc, windows-amd64)
GC Precious Log:
 CPUs: 2 total, 2 available
 Memory: 3500M
 Large Page Support: Disabled
 NUMA Support: Disabled
 Compressed Oops: Enabled (32-bit)
 Heap Region Size: 1M
 Heap Min Capacity: 8M
 Heap Initial Capacity: 56M
 Heap Max Capacity: 876M
 Pre-touch: Disabled
 Parallel Workers: 2
 Concurrent Workers: 1
 Concurrent Refinement Workers: 2
 Periodic GC: Disabled
Heap:
 garbage-first heap   total 61440K, used 44050K [0x00000000c9400000, 0x0000000100000000)
  region size 1024K, 30 young (30720K), 3 survivors (3072K)
 Metaspace       used 44726K, committed 45120K, reserved 1089536K
  class space    used 5916K, committed 6144K, reserved 1048576K
GC Heap History (20 events):
Event: 0.332 GC heap before
{Heap before GC invocations=0 (full 0):
 garbage-first heap   total 57344K, used 6144K [0x00000000c9400000, 0x0000000100000000)
  region size 1024K, 6 young (6144K), 0 survivors (0K)
 Metaspace       used 984K, committed 1088K, reserved 1056768K
  class space    used 83K, committed 128K, reserved 1048576K
}
Event: 0.336 GC heap after
{Heap after GC invocations=1 (full 0):
 garbage-first heap   total 57344K, used 4606K [0x00000000c9400000, 0x0000000100000000)
  region size 1024K, 1 young (1024K), 1 survivors (1024K)
 Metaspace       used 984K, committed 1088K, reserved 1056768K
  class space    used 83K, committed 128K, reserved 1048576K
}
Event: 0.462 GC heap before
{Heap before GC invocations=1 (full 0):
 garbage-first heap   total 57344K, used 8702K [0x00000000c9400000, 0x0000000100000000)
  region size 1024K, 5 young (5120K), 1 survivors (1024K)
 Metaspace       used 1880K, committed 2048K, reserved 1056768K
  class space    used 183K, committed 256K, reserved 1048576K
}
Event: 0.466 GC heap after
{Heap after GC invocations=2 (full 0):
 garbage-first heap   total 57344K, used 7101K [0x00000000c9400000, 0x0000000100000000)
  region size 1024K, 1 young (1024K), 1 survivors (1024K)
 Metaspace       used 1880K, committed 2048K, reserved 1056768K
  class space    used 183K, committed 256K, reserved 1048576K
}
Event: 0.754 GC heap before
{Heap before GC invocations=2 (full 0):
 garbage-first heap   total 57344K, used 13245K [0x00000000c9400000, 0x0000000100000000)
  region size 1024K, 7 young (7168K), 1 survivors (1024K)
 Metaspace       used 3508K, committed 3648K, reserved 1056768K
  class space    used 400K, committed 448K, reserved 1048576K
}
Event: 0.757 GC heap after
{Heap after GC invocations=3 (full 0):
 garbage-first heap   total 57344K, used 7672K [0x00000000c9400000, 0x0000000100000000)
  region size 1024K, 1 young (1024K), 1 survivors (1024K)
 Metaspace       used 3508K, committed 3648K, reserved 1056768K
  class space    used 400K, committed 448K, reserved 1048576K
}
Event: 1.620 GC heap before
{Heap before GC invocations=3 (full 0):
 garbage-first heap   total 57344K, used 22008K [0x00000000c9400000, 0x0000000100000000)
  region size 1024K, 15 young (15360K), 1 survivors (1024K)
 Metaspace       used 7528K, committed 7680K, reserved 1056768K
  class space    used 945K, committed 1024K, reserved 1048576K
}
Event: 1.623 GC heap after
{Heap after GC invocations=4 (full 0):
 garbage-first heap   total 57344K, used 8859K [0x00000000c9400000, 0x0000000100000000)
  region size 1024K, 2 young (2048K), 2 survivors (2048K)
 Metaspace       used 7528K, committed 7680K, reserved 1056768K
  class space    used 945K, committed 1024K, reserved 1048576K
}
Event: 3.124 GC heap before
{Heap before GC invocations=4 (full 0):
 garbage-first heap   total 57344K, used 38555K [0x00000000c9400000, 0x0000000100000000)
  region size 1024K, 31 young (31744K), 2 survivors (2048K)
 Metaspace       used 14243K, committed 14464K, reserved 1064960K
  class space    used 1878K, committed 1984K, reserved 1048576K
}
Event: 3.131 GC heap after
{Heap after GC invocations=5 (full 0):
 garbage-first heap   total 57344K, used 10869K [0x00000000c9400000, 0x0000000100000000)
  region size 1024K, 4 young (4096K), 4 survivors (4096K)
 Metaspace       used 14243K, committed 14464K, reserved 1064960K
  class space    used 1878K, committed 1984K, reserved 1048576K
}
Event: 3.806 GC heap before
{Heap before GC invocations=5 (full 0):
 garbage-first heap   total 57344K, used 38517K [0x00000000c9400000, 0x0000000100000000)
  region size 1024K, 32 young (32768K), 4 survivors (4096K)
 Metaspace       used 20134K, committed 20416K, reserved 1073152K
  class space    used 2604K, committed 2752K, reserved 1048576K
}
Event: 3.814 GC heap after
{Heap after GC invocations=6 (full 0):
 garbage-first heap   total 57344K, used 12676K [0x00000000c9400000, 0x0000000100000000)
  region size 1024K, 4 young (4096K), 4 survivors (4096K)
 Metaspace       used 20134K, committed 20416K, reserved 1073152K
  class space    used 2604K, committed 2752K, reserved 1048576K
}
Event: 4.252 GC heap before
{Heap before GC invocations=6 (full 0):
 garbage-first heap   total 57344K, used 25988K [0x00000000c9400000, 0x0000000100000000)
  region size 1024K, 18 young (18432K), 4 survivors (4096K)
 Metaspace       used 21290K, committed 21504K, reserved 1073152K
  class space    used 2743K, committed 2880K, reserved 1048576K
}
Event: 4.259 GC heap after
{Heap after GC invocations=7 (full 0):
 garbage-first heap   total 57344K, used 13072K [0x00000000c9400000, 0x0000000100000000)
  region size 1024K, 3 young (3072K), 3 survivors (3072K)
 Metaspace       used 21290K, committed 21504K, reserved 1073152K
  class space    used 2743K, committed 2880K, reserved 1048576K
}
Event: 5.494 GC heap before
{Heap before GC invocations=8 (full 0):
 garbage-first heap   total 51200K, used 40720K [0x00000000c9400000, 0x0000000100000000)
  region size 1024K, 30 young (30720K), 3 survivors (3072K)
 Metaspace       used 25575K, committed 25984K, reserved 1073152K
  class space    used 3383K, committed 3584K, reserved 1048576K
}
Event: 5.502 GC heap after
{Heap after GC invocations=9 (full 0):
 garbage-first heap   total 51200K, used 15630K [0x00000000c9400000, 0x0000000100000000)
  region size 1024K, 4 young (4096K), 4 survivors (4096K)
 Metaspace       used 25575K, committed 25984K, reserved 1073152K
  class space    used 3383K, committed 3584K, reserved 1048576K
}
Event: 6.249 GC heap before
{Heap before GC invocations=9 (full 0):
 garbage-first heap   total 51200K, used 37134K [0x00000000c9400000, 0x0000000100000000)
  region size 1024K, 25 young (25600K), 4 survivors (4096K)
 Metaspace       used 30097K, committed 30464K, reserved 1081344K
  class space    used 4008K, committed 4160K, reserved 1048576K
}
Event: 6.258 GC heap after
{Heap after GC invocations=10 (full 0):
 garbage-first heap   total 51200K, used 17021K [0x00000000c9400000, 0x0000000100000000)
  region size 1024K, 2 young (2048K), 2 survivors (2048K)
 Metaspace       used 30097K, committed 30464K, reserved 1081344K
  class space    used 4008K, committed 4160K, reserved 1048576K
}
Event: 7.163 GC heap before
{Heap before GC invocations=10 (full 0):
 garbage-first heap   total 51200K, used 36477K [0x00000000c9400000, 0x0000000100000000)
  region size 1024K, 22 young (22528K), 2 survivors (2048K)
 Metaspace       used 35621K, committed 35968K, reserved 1081344K
  class space    used 4764K, committed 4928K, reserved 1048576K
}
Event: 7.168 GC heap after
{Heap after GC invocations=11 (full 0):
 garbage-first heap   total 61440K, used 18450K [0x00000000c9400000, 0x0000000100000000)
  region size 1024K, 3 young (3072K), 3 survivors (3072K)
 Metaspace       used 35621K, committed 35968K, reserved 1081344K
  class space    used 4764K, committed 4928K, reserved 1048576K
}

