# JRE version: Java(TM) SE Runtime Environment (17.0.7+8) (build 17.0.7+8-LTS-224)
# Java VM: Java HotSpot(TM) 64-Bit Server VM (17.0.7+8-LTS-224, mixed mode, sharing, tiered, compressed oops, compressed class ptrs, g1 gc, windows-amd64)
GC Precious Log:
 CPUs: 2 total, 2 available
 Memory: 3500M
 Large Page Support: Disabled
 NUMA Support: Disabled
 Compressed Oops: Enabled (32-bit)
 Heap Region Size: 1M
 Heap Min Capacity: 8M
 Heap Initial Capacity: 56M
 Heap Max Capacity: 876M
 Pre-touch: Disabled
 Parallel Workers: 2
 Concurrent Workers: 1
 Concurrent Refinement Workers: 2
 Periodic GC: Disabled
Heap:
 garbage-first heap   total 135168K, used 61538K [0x00000000c9400000, 0x0000000100000000)
  region size 1024K, 14 young (14336K), 2 survivors (2048K)
 Metaspace       used 32945K, committed 33344K, reserved 1081344K
  class space    used 3767K, committed 3968K, reserved 1048576K
GC Heap History (20 events):
Event: 10.930 GC heap before
{Heap before GC invocations=18 (full 0):
 garbage-first heap   total 70656K, used 52030K [0x00000000c9400000, 0x0000000100000000)
  region size 1024K, 14 young (14336K), 1 survivors (1024K)
 Metaspace       used 28271K, committed 28544K, reserved 1081344K
  class space    used 3262K, committed 3392K, reserved 1048576K
}
Event: 10.933 GC heap after
{Heap after GC invocations=19 (full 0):
 garbage-first heap   total 70656K, used 39864K [0x00000000c9400000, 0x0000000100000000)
  region size 1024K, 1 young (1024K), 1 survivors (1024K)
 Metaspace       used 28271K, committed 28544K, reserved 1081344K
  class space    used 3262K, committed 3392K, reserved 1048576K
}
Event: 11.019 GC heap before
{Heap before GC invocations=19 (full 0):
 garbage-first heap   total 70656K, used 40888K [0x00000000c9400000, 0x0000000100000000)
  region size 1024K, 3 young (3072K), 1 survivors (1024K)
 Metaspace       used 28418K, committed 28672K, reserved 1081344K
  class space    used 3273K, committed 3392K, reserved 1048576K
}
Event: 11.021 GC heap after
{Heap after GC invocations=20 (full 0):
 garbage-first heap   total 70656K, used 39474K [0x00000000c9400000, 0x0000000100000000)
  region size 1024K, 1 young (1024K), 1 survivors (1024K)
 Metaspace       used 28418K, committed 28672K, reserved 1081344K
  class space    used 3273K, committed 3392K, reserved 1048576K
}
Event: 11.483 GC heap before
{Heap before GC invocations=20 (full 0):
 garbage-first heap   total 70656K, used 48690K [0x00000000c9400000, 0x0000000100000000)
  region size 1024K, 12 young (12288K), 1 survivors (1024K)
 Metaspace       used 29404K, committed 29696K, reserved 1081344K
  class space    used 3383K, committed 3520K, reserved 1048576K
}
Event: 11.487 GC heap after
{Heap after GC invocations=21 (full 0):
 garbage-first heap   total 70656K, used 40067K [0x00000000c9400000, 0x0000000100000000)
  region size 1024K, 2 young (2048K), 2 survivors (2048K)
 Metaspace       used 29404K, committed 29696K, reserved 1081344K
  class space    used 3383K, committed 3520K, reserved 1048576K
}
Event: 12.061 GC heap before
{Heap before GC invocations=22 (full 0):
 garbage-first heap   total 73728K, used 49283K [0x00000000c9400000, 0x0000000100000000)
  region size 1024K, 12 young (12288K), 2 survivors (2048K)
 Metaspace       used 30104K, committed 30464K, reserved 1081344K
  class space    used 3479K, committed 3648K, reserved 1048576K
}
Event: 12.070 GC heap after
{Heap after GC invocations=23 (full 0):
 garbage-first heap   total 73728K, used 40544K [0x00000000c9400000, 0x0000000100000000)
  region size 1024K, 2 young (2048K), 2 survivors (2048K)
 Metaspace       used 30104K, committed 30464K, reserved 1081344K
  class space    used 3479K, committed 3648K, reserved 1048576K
}
Event: 12.590 GC heap before
{Heap before GC invocations=24 (full 0):
 garbage-first heap   total 73728K, used 60000K [0x00000000c9400000, 0x0000000100000000)
  region size 1024K, 19 young (19456K), 2 survivors (2048K)
 Metaspace       used 30171K, committed 30464K, reserved 1081344K
  class space    used 3480K, committed 3648K, reserved 1048576K
}
Event: 12.625 GC heap after
{Heap after GC invocations=25 (full 0):
 garbage-first heap   total 73728K, used 52660K [0x00000000c9400000, 0x0000000100000000)
  region size 1024K, 3 young (3072K), 3 survivors (3072K)
 Metaspace       used 30171K, committed 30464K, reserved 1081344K
  class space    used 3480K, committed 3648K, reserved 1048576K
}
Event: 12.652 GC heap before
{Heap before GC invocations=25 (full 0):
 garbage-first heap   total 73728K, used 53684K [0x00000000c9400000, 0x0000000100000000)
  region size 1024K, 4 young (4096K), 3 survivors (3072K)
 Metaspace       used 30171K, committed 30464K, reserved 1081344K
  class space    used 3480K, committed 3648K, reserved 1048576K
}
Event: 12.659 GC heap after
{Heap after GC invocations=26 (full 0):
 garbage-first heap   total 73728K, used 45211K [0x00000000c9400000, 0x0000000100000000)
  region size 1024K, 1 young (1024K), 1 survivors (1024K)
 Metaspace       used 30171K, committed 30464K, reserved 1081344K
  class space    used 3480K, committed 3648K, reserved 1048576K
}
Event: 12.919 GC heap before
{Heap before GC invocations=26 (full 0):
 garbage-first heap   total 73728K, used 54427K [0x00000000c9400000, 0x0000000100000000)
  region size 1024K, 11 young (11264K), 1 survivors (1024K)
 Metaspace       used 30186K, committed 30528K, reserved 1081344K
  class space    used 3480K, committed 3648K, reserved 1048576K
}
Event: 12.922 GC heap after
{Heap after GC invocations=27 (full 0):
 garbage-first heap   total 135168K, used 48861K [0x00000000c9400000, 0x0000000100000000)
  region size 1024K, 2 young (2048K), 2 survivors (2048K)
 Metaspace       used 30186K, committed 30528K, reserved 1081344K
  class space    used 3480K, committed 3648K, reserved 1048576K
}
Event: 14.619 GC heap before
{Heap before GC invocations=28 (full 0):
 garbage-first heap   total 135168K, used 82653K [0x00000000c9400000, 0x0000000100000000)
  region size 1024K, 38 young (38912K), 2 survivors (2048K)
 Metaspace       used 29735K, committed 30080K, reserved 1081344K
  class space    used 3425K, committed 3584K, reserved 1048576K
}
Event: 14.627 GC heap after
{Heap after GC invocations=29 (full 0):
 garbage-first heap   total 135168K, used 51184K [0x00000000c9400000, 0x0000000100000000)
  region size 1024K, 5 young (5120K), 5 survivors (5120K)
 Metaspace       used 29735K, committed 30080K, reserved 1081344K
  class space    used 3425K, committed 3584K, reserved 1048576K
}
Event: 14.665 GC heap before
{Heap before GC invocations=29 (full 0):
 garbage-first heap   total 135168K, used 51184K [0x00000000c9400000, 0x0000000100000000)
  region size 1024K, 6 young (6144K), 5 survivors (5120K)
 Metaspace       used 29783K, committed 30144K, reserved 1081344K
  class space    used 3431K, committed 3584K, reserved 1048576K
}
Event: 14.670 GC heap after
{Heap after GC invocations=30 (full 0):
 garbage-first heap   total 135168K, used 50175K [0x00000000c9400000, 0x0000000100000000)
  region size 1024K, 1 young (1024K), 1 survivors (1024K)
 Metaspace       used 29783K, committed 30144K, reserved 1081344K
  class space    used 3431K, committed 3584K, reserved 1048576K
}
Event: 16.115 GC heap before
{Heap before GC invocations=30 (full 0):
 garbage-first heap   total 135168K, used 86015K [0x00000000c9400000, 0x0000000100000000)
  region size 1024K, 36 young (36864K), 1 survivors (1024K)
 Metaspace       used 31308K, committed 31680K, reserved 1081344K
  class space    used 3573K, committed 3776K, reserved 1048576K
}
Event: 16.119 GC heap after
{Heap after GC invocations=31 (full 0):
 garbage-first heap   total 135168K, used 50274K [0x00000000c9400000, 0x0000000100000000)
  region size 1024K, 2 young (2048K), 2 survivors (2048K)
 Metaspace       used 31308K, committed 31680K, reserved 1081344K
  class space    used 3573K, committed 3776K, reserved 1048576K
}

