# JRE version: Java(TM) SE Runtime Environment (17.0.7+8) (build 17.0.7+8-LTS-224)
# Java VM: Java HotSpot(TM) 64-Bit Server VM (17.0.7+8-LTS-224, mixed mode, sharing, tiered, compressed oops, compressed class ptrs, g1 gc, windows-amd64)
GC Precious Log:
 CPUs: 2 total, 2 available
 Memory: 3500M
 Large Page Support: Disabled
 NUMA Support: Disabled
 Compressed Oops: Enabled (32-bit)
 Heap Region Size: 1M
 Heap Min Capacity: 8M
 Heap Initial Capacity: 56M
 Heap Max Capacity: 876M
 Pre-touch: Disabled
 Parallel Workers: 2
 Concurrent Workers: 1
 Concurrent Refinement Workers: 2
 Periodic GC: Disabled
Heap:
 garbage-first heap   total 61440K, used 27765K [0x00000000c9400000, 0x0000000100000000)
  region size 1024K, 6 young (6144K), 3 survivors (3072K)
 Metaspace       used 60258K, committed 60672K, reserved 1105920K
  class space    used 8301K, committed 8512K, reserved 1048576K
GC Heap History (20 events):
Event: 4.183 GC heap before
{Heap before GC invocations=6 (full 0):
 garbage-first heap   total 57344K, used 26451K [0x00000000c9400000, 0x0000000100000000)
  region size 1024K, 19 young (19456K), 4 survivors (4096K)
 Metaspace       used 21223K, committed 21504K, reserved 1073152K
  class space    used 2726K, committed 2880K, reserved 1048576K
}
Event: 4.189 GC heap after
{Heap after GC invocations=7 (full 0):
 garbage-first heap   total 57344K, used 13155K [0x00000000c9400000, 0x0000000100000000)
  region size 1024K, 3 young (3072K), 3 survivors (3072K)
 Metaspace       used 21223K, committed 21504K, reserved 1073152K
  class space    used 2726K, committed 2880K, reserved 1048576K
}
Event: 5.254 GC heap before
{Heap before GC invocations=8 (full 0):
 garbage-first heap   total 51200K, used 40803K [0x00000000c9400000, 0x0000000100000000)
  region size 1024K, 30 young (30720K), 3 survivors (3072K)
 Metaspace       used 25534K, committed 25920K, reserved 1073152K
  class space    used 3376K, committed 3584K, reserved 1048576K
}
Event: 5.267 GC heap after
{Heap after GC invocations=9 (full 0):
 garbage-first heap   total 51200K, used 15404K [0x00000000c9400000, 0x0000000100000000)
  region size 1024K, 4 young (4096K), 4 survivors (4096K)
 Metaspace       used 25534K, committed 25920K, reserved 1073152K
  class space    used 3376K, committed 3584K, reserved 1048576K
}
Event: 5.320 GC heap before
{Heap before GC invocations=9 (full 0):
 garbage-first heap   total 51200K, used 16428K [0x00000000c9400000, 0x0000000100000000)
  region size 1024K, 5 young (5120K), 4 survivors (4096K)
 Metaspace       used 25732K, committed 26112K, reserved 1073152K
  class space    used 3406K, committed 3584K, reserved 1048576K
}
Event: 5.328 GC heap after
{Heap after GC invocations=10 (full 0):
 garbage-first heap   total 61440K, used 15756K [0x00000000c9400000, 0x0000000100000000)
  region size 1024K, 1 young (1024K), 1 survivors (1024K)
 Metaspace       used 25732K, committed 26112K, reserved 1073152K
  class space    used 3406K, committed 3584K, reserved 1048576K
}
Event: 6.863 GC heap before
{Heap before GC invocations=10 (full 0):
 garbage-first heap   total 61440K, used 46476K [0x00000000c9400000, 0x0000000100000000)
  region size 1024K, 31 young (31744K), 1 survivors (1024K)
 Metaspace       used 32355K, committed 32704K, reserved 1081344K
  class space    used 4393K, committed 4544K, reserved 1048576K
}
Event: 6.874 GC heap after
{Heap after GC invocations=11 (full 0):
 garbage-first heap   total 61440K, used 16806K [0x00000000c9400000, 0x0000000100000000)
  region size 1024K, 2 young (2048K), 2 survivors (2048K)
 Metaspace       used 32355K, committed 32704K, reserved 1081344K
  class space    used 4393K, committed 4544K, reserved 1048576K
}
Event: 8.060 GC heap before
{Heap before GC invocations=11 (full 0):
 garbage-first heap   total 61440K, used 26022K [0x00000000c9400000, 0x0000000100000000)
  region size 1024K, 12 young (12288K), 2 survivors (2048K)
 Metaspace       used 35653K, committed 35968K, reserved 1081344K
  class space    used 4767K, committed 4928K, reserved 1048576K
}
Event: 8.067 GC heap after
{Heap after GC invocations=12 (full 0):
 garbage-first heap   total 61440K, used 18198K [0x00000000c9400000, 0x0000000100000000)
  region size 1024K, 3 young (3072K), 3 survivors (3072K)
 Metaspace       used 35653K, committed 35968K, reserved 1081344K
  class space    used 4767K, committed 4928K, reserved 1048576K
}
Event: 10.351 GC heap before
{Heap before GC invocations=13 (full 0):
 garbage-first heap   total 61440K, used 47894K [0x00000000c9400000, 0x0000000100000000)
  region size 1024K, 32 young (32768K), 3 survivors (3072K)
 Metaspace       used 45238K, committed 45632K, reserved 1089536K
  class space    used 6014K, committed 6208K, reserved 1048576K
}
Event: 10.363 GC heap after
{Heap after GC invocations=14 (full 0):
 garbage-first heap   total 61440K, used 20861K [0x00000000c9400000, 0x0000000100000000)
  region size 1024K, 4 young (4096K), 4 survivors (4096K)
 Metaspace       used 45238K, committed 45632K, reserved 1089536K
  class space    used 6014K, committed 6208K, reserved 1048576K
}
Event: 10.393 GC heap before
{Heap before GC invocations=14 (full 0):
 garbage-first heap   total 61440K, used 21885K [0x00000000c9400000, 0x0000000100000000)
  region size 1024K, 5 young (5120K), 4 survivors (4096K)
 Metaspace       used 45834K, committed 46208K, reserved 1089536K
  class space    used 6056K, committed 6272K, reserved 1048576K
}
Event: 10.403 GC heap after
{Heap after GC invocations=15 (full 0):
 garbage-first heap   total 61440K, used 21060K [0x00000000c9400000, 0x0000000100000000)
  region size 1024K, 1 young (1024K), 1 survivors (1024K)
 Metaspace       used 45834K, committed 46208K, reserved 1089536K
  class space    used 6056K, committed 6272K, reserved 1048576K
}
Event: 11.414 GC heap before
{Heap before GC invocations=15 (full 0):
 garbage-first heap   total 61440K, used 48708K [0x00000000c9400000, 0x0000000100000000)
  region size 1024K, 28 young (28672K), 1 survivors (1024K)
 Metaspace       used 53246K, committed 53696K, reserved 1097728K
  class space    used 7335K, committed 7552K, reserved 1048576K
}
Event: 11.417 GC heap after
{Heap after GC invocations=16 (full 0):
 garbage-first heap   total 61440K, used 21521K [0x00000000c9400000, 0x0000000100000000)
  region size 1024K, 2 young (2048K), 2 survivors (2048K)
 Metaspace       used 53246K, committed 53696K, reserved 1097728K
  class space    used 7335K, committed 7552K, reserved 1048576K
}
Event: 12.187 GC heap before
{Heap before GC invocations=16 (full 0):
 garbage-first heap   total 61440K, used 47121K [0x00000000c9400000, 0x0000000100000000)
  region size 1024K, 28 young (28672K), 2 survivors (2048K)
 Metaspace       used 57112K, committed 57600K, reserved 1105920K
  class space    used 7831K, committed 8064K, reserved 1048576K
}
Event: 12.193 GC heap after
{Heap after GC invocations=17 (full 0):
 garbage-first heap   total 61440K, used 23543K [0x00000000c9400000, 0x0000000100000000)
  region size 1024K, 4 young (4096K), 4 survivors (4096K)
 Metaspace       used 57112K, committed 57600K, reserved 1105920K
  class space    used 7831K, committed 8064K, reserved 1048576K
}
Event: 12.973 GC heap before
{Heap before GC invocations=17 (full 0):
 garbage-first heap   total 61440K, used 47095K [0x00000000c9400000, 0x0000000100000000)
  region size 1024K, 28 young (28672K), 4 survivors (4096K)
 Metaspace       used 59894K, committed 60288K, reserved 1105920K
  class space    used 8216K, committed 8384K, reserved 1048576K
}
Event: 12.985 GC heap after
{Heap after GC invocations=18 (full 0):
 garbage-first heap   total 61440K, used 25717K [0x00000000c9400000, 0x0000000100000000)
  region size 1024K, 3 young (3072K), 3 survivors (3072K)
 Metaspace       used 59894K, committed 60288K, reserved 1105920K
  class space    used 8216K, committed 8384K, reserved 1048576K
}

