# JRE version: Java(TM) SE Runtime Environment (17.0.7+8) (build 17.0.7+8-LTS-224)
# Java VM: Java HotSpot(TM) 64-Bit Server VM (17.0.7+8-LTS-224, mixed mode, sharing, tiered, compressed oops, compressed class ptrs, g1 gc, windows-amd64)
GC Precious Log:
 CPUs: 2 total, 2 available
 Memory: 3500M
 Large Page Support: Disabled
 NUMA Support: Disabled
 Compressed Oops: Enabled (32-bit)
 Heap Region Size: 1M
 Heap Min Capacity: 8M
 Heap Initial Capacity: 56M
 Heap Max Capacity: 876M
 Pre-touch: Disabled
 Parallel Workers: 2
 Concurrent Workers: 1
 Concurrent Refinement Workers: 2
 Periodic GC: Disabled
Heap:
 garbage-first heap   total 45056K, used 29623K [0x00000000c9400000, 0x0000000100000000)
  region size 1024K, 11 young (11264K), 2 survivors (2048K)
 Metaspace       used 51915K, committed 52352K, reserved 1097728K
  class space    used 7022K, committed 7232K, reserved 1048576K
GC Heap History (20 events):
Event: 2.321 GC heap before
{Heap before GC invocations=3 (full 0):
 garbage-first heap   total 57344K, used 31716K [0x00000000c9400000, 0x0000000100000000)
  region size 1024K, 28 young (28672K), 2 survivors (2048K)
 Metaspace       used 11571K, committed 11776K, reserved 1064960K
  class space    used 1378K, committed 1472K, reserved 1048576K
}
Event: 2.334 GC heap after
{Heap after GC invocations=4 (full 0):
 garbage-first heap   total 57344K, used 8479K [0x00000000c9400000, 0x0000000100000000)
  region size 1024K, 4 young (4096K), 4 survivors (4096K)
 Metaspace       used 11571K, committed 11776K, reserved 1064960K
  class space    used 1378K, committed 1472K, reserved 1048576K
}
Event: 5.292 GC heap before
{Heap before GC invocations=4 (full 0):
 garbage-first heap   total 57344K, used 36127K [0x00000000c9400000, 0x0000000100000000)
  region size 1024K, 32 young (32768K), 4 survivors (4096K)
 Metaspace       used 16743K, committed 16896K, reserved 1064960K
  class space    used 2034K, committed 2112K, reserved 1048576K
}
Event: 5.304 GC heap after
{Heap after GC invocations=5 (full 0):
 garbage-first heap   total 57344K, used 10907K [0x00000000c9400000, 0x0000000100000000)
  region size 1024K, 3 young (3072K), 3 survivors (3072K)
 Metaspace       used 16743K, committed 16896K, reserved 1064960K
  class space    used 2034K, committed 2112K, reserved 1048576K
}
Event: 7.037 GC heap before
{Heap before GC invocations=5 (full 0):
 garbage-first heap   total 57344K, used 37531K [0x00000000c9400000, 0x0000000100000000)
  region size 1024K, 30 young (30720K), 3 survivors (3072K)
 Metaspace       used 21177K, committed 21504K, reserved 1073152K
  class space    used 2663K, committed 2816K, reserved 1048576K
}
Event: 7.046 GC heap after
{Heap after GC invocations=6 (full 0):
 garbage-first heap   total 57344K, used 12542K [0x00000000c9400000, 0x0000000100000000)
  region size 1024K, 3 young (3072K), 3 survivors (3072K)
 Metaspace       used 21177K, committed 21504K, reserved 1073152K
  class space    used 2663K, committed 2816K, reserved 1048576K
}
Event: 10.688 GC heap before
{Heap before GC invocations=7 (full 0):
 garbage-first heap   total 45056K, used 36094K [0x00000000c9400000, 0x0000000100000000)
  region size 1024K, 26 young (26624K), 3 survivors (3072K)
 Metaspace       used 26561K, committed 26944K, reserved 1073152K
  class space    used 3366K, committed 3584K, reserved 1048576K
}
Event: 10.703 GC heap after
{Heap after GC invocations=8 (full 0):
 garbage-first heap   total 45056K, used 15741K [0x00000000c9400000, 0x0000000100000000)
  region size 1024K, 3 young (3072K), 3 survivors (3072K)
 Metaspace       used 26561K, committed 26944K, reserved 1073152K
  class space    used 3366K, committed 3584K, reserved 1048576K
}
Event: 13.999 GC heap before
{Heap before GC invocations=8 (full 0):
 garbage-first heap   total 45056K, used 32125K [0x00000000c9400000, 0x0000000100000000)
  region size 1024K, 19 young (19456K), 3 survivors (3072K)
 Metaspace       used 29221K, committed 29568K, reserved 1081344K
  class space    used 3724K, committed 3904K, reserved 1048576K
}
Event: 14.008 GC heap after
{Heap after GC invocations=9 (full 0):
 garbage-first heap   total 45056K, used 16804K [0x00000000c9400000, 0x0000000100000000)
  region size 1024K, 1 young (1024K), 1 survivors (1024K)
 Metaspace       used 29221K, committed 29568K, reserved 1081344K
  class space    used 3724K, committed 3904K, reserved 1048576K
}
Event: 16.805 GC heap before
{Heap before GC invocations=9 (full 0):
 garbage-first heap   total 45056K, used 33188K [0x00000000c9400000, 0x0000000100000000)
  region size 1024K, 17 young (17408K), 1 survivors (1024K)
 Metaspace       used 33507K, committed 33920K, reserved 1081344K
  class space    used 4413K, committed 4608K, reserved 1048576K
}
Event: 16.809 GC heap after
{Heap after GC invocations=10 (full 0):
 garbage-first heap   total 45056K, used 17613K [0x00000000c9400000, 0x0000000100000000)
  region size 1024K, 2 young (2048K), 2 survivors (2048K)
 Metaspace       used 33507K, committed 33920K, reserved 1081344K
  class space    used 4413K, committed 4608K, reserved 1048576K
}
Event: 17.531 GC heap before
{Heap before GC invocations=10 (full 0):
 garbage-first heap   total 45056K, used 22733K [0x00000000c9400000, 0x0000000100000000)
  region size 1024K, 8 young (8192K), 2 survivors (2048K)
 Metaspace       used 35582K, committed 35968K, reserved 1081344K
  class space    used 4622K, committed 4800K, reserved 1048576K
}
Event: 17.537 GC heap after
{Heap after GC invocations=11 (full 0):
 garbage-first heap   total 45056K, used 18199K [0x00000000c9400000, 0x0000000100000000)
  region size 1024K, 2 young (2048K), 2 survivors (2048K)
 Metaspace       used 35582K, committed 35968K, reserved 1081344K
  class space    used 4622K, committed 4800K, reserved 1048576K
}
Event: 20.858 GC heap before
{Heap before GC invocations=12 (full 0):
 garbage-first heap   total 45056K, used 32535K [0x00000000c9400000, 0x0000000100000000)
  region size 1024K, 16 young (16384K), 2 survivors (2048K)
 Metaspace       used 42103K, committed 42624K, reserved 1089536K
  class space    used 5457K, committed 5696K, reserved 1048576K
}
Event: 20.863 GC heap after
{Heap after GC invocations=13 (full 0):
 garbage-first heap   total 45056K, used 19949K [0x00000000c9400000, 0x0000000100000000)
  region size 1024K, 2 young (2048K), 2 survivors (2048K)
 Metaspace       used 42103K, committed 42624K, reserved 1089536K
  class space    used 5457K, committed 5696K, reserved 1048576K
}
Event: 21.927 GC heap before
{Heap before GC invocations=13 (full 0):
 garbage-first heap   total 45056K, used 33261K [0x00000000c9400000, 0x0000000100000000)
  region size 1024K, 15 young (15360K), 2 survivors (2048K)
 Metaspace       used 45537K, committed 46016K, reserved 1089536K
  class space    used 5910K, committed 6144K, reserved 1048576K
}
Event: 21.933 GC heap after
{Heap after GC invocations=14 (full 0):
 garbage-first heap   total 45056K, used 20754K [0x00000000c9400000, 0x0000000100000000)
  region size 1024K, 1 young (1024K), 1 survivors (1024K)
 Metaspace       used 45537K, committed 46016K, reserved 1089536K
  class space    used 5910K, committed 6144K, reserved 1048576K
}
Event: 23.648 GC heap before
{Heap before GC invocations=14 (full 0):
 garbage-first heap   total 45056K, used 34066K [0x00000000c9400000, 0x0000000100000000)
  region size 1024K, 14 young (14336K), 1 survivors (1024K)
 Metaspace       used 49947K, committed 50432K, reserved 1097728K
  class space    used 6681K, committed 6912K, reserved 1048576K
}
Event: 23.652 GC heap after
{Heap after GC invocations=15 (full 0):
 garbage-first heap   total 45056K, used 21431K [0x00000000c9400000, 0x0000000100000000)
  region size 1024K, 2 young (2048K), 2 survivors (2048K)
 Metaspace       used 49947K, committed 50432K, reserved 1097728K
  class space    used 6681K, committed 6912K, reserved 1048576K
}

