# JRE version: Java(TM) SE Runtime Environment (17.0.7+8) (build 17.0.7+8-LTS-224)
# Java VM: Java HotSpot(TM) 64-Bit Server VM (17.0.7+8-LTS-224, mixed mode, sharing, tiered, compressed oops, compressed class ptrs, g1 gc, windows-amd64)
GC Precious Log:
 CPUs: 2 total, 2 available
 Memory: 3500M
 Large Page Support: Disabled
 NUMA Support: Disabled
 Compressed Oops: Enabled (32-bit)
 Heap Region Size: 1M
 Heap Min Capacity: 8M
 Heap Initial Capacity: 56M
 Heap Max Capacity: 876M
 Pre-touch: Disabled
 Parallel Workers: 2
 Concurrent Workers: 1
 Concurrent Refinement Workers: 2
 Periodic GC: Disabled
Heap:
 garbage-first heap   total 78848K, used 50923K [0x00000000c9400000, 0x0000000100000000)
  region size 1024K, 2 young (2048K), 2 survivors (2048K)
 Metaspace       used 30190K, committed 30592K, reserved 1081344K
  class space    used 3479K, committed 3648K, reserved 1048576K
GC Heap History (20 events):
Event: 17.776 GC heap after
{Heap after GC invocations=14 (full 0):
 garbage-first heap   total 60416K, used 36635K [0x00000000c9400000, 0x0000000100000000)
  region size 1024K, 2 young (2048K), 2 survivors (2048K)
 Metaspace       used 25972K, committed 26368K, reserved 1073152K
  class space    used 3017K, committed 3200K, reserved 1048576K
}
Event: 18.052 GC heap before
{Heap before GC invocations=14 (full 0):
 garbage-first heap   total 60416K, used 45851K [0x00000000c9400000, 0x0000000100000000)
  region size 1024K, 11 young (11264K), 2 survivors (2048K)
 Metaspace       used 26181K, committed 26496K, reserved 1073152K
  class space    used 3031K, committed 3200K, reserved 1048576K
}
Event: 18.059 GC heap after
{Heap after GC invocations=15 (full 0):
 garbage-first heap   total 60416K, used 38416K [0x00000000c9400000, 0x0000000100000000)
  region size 1024K, 2 young (2048K), 2 survivors (2048K)
 Metaspace       used 26181K, committed 26496K, reserved 1073152K
  class space    used 3031K, committed 3200K, reserved 1048576K
}
Event: 18.986 GC heap before
{Heap before GC invocations=16 (full 0):
 garbage-first heap   total 66560K, used 45584K [0x00000000c9400000, 0x0000000100000000)
  region size 1024K, 10 young (10240K), 2 survivors (2048K)
 Metaspace       used 26955K, committed 27328K, reserved 1081344K
  class space    used 3100K, committed 3264K, reserved 1048576K
}
Event: 18.990 GC heap after
{Heap after GC invocations=17 (full 0):
 garbage-first heap   total 66560K, used 39058K [0x00000000c9400000, 0x0000000100000000)
  region size 1024K, 1 young (1024K), 1 survivors (1024K)
 Metaspace       used 26955K, committed 27328K, reserved 1081344K
  class space    used 3100K, committed 3264K, reserved 1048576K
}
Event: 19.359 GC heap before
{Heap before GC invocations=17 (full 0):
 garbage-first heap   total 66560K, used 49298K [0x00000000c9400000, 0x0000000100000000)
  region size 1024K, 12 young (12288K), 1 survivors (1024K)
 Metaspace       used 27488K, committed 27840K, reserved 1081344K
  class space    used 3176K, committed 3328K, reserved 1048576K
}
Event: 19.361 GC heap after
{Heap after GC invocations=18 (full 0):
 garbage-first heap   total 66560K, used 39086K [0x00000000c9400000, 0x0000000100000000)
  region size 1024K, 1 young (1024K), 1 survivors (1024K)
 Metaspace       used 27488K, committed 27840K, reserved 1081344K
  class space    used 3176K, committed 3328K, reserved 1048576K
}
Event: 19.779 GC heap before
{Heap before GC invocations=19 (full 0):
 garbage-first heap   total 71680K, used 50350K [0x00000000c9400000, 0x0000000100000000)
  region size 1024K, 13 young (13312K), 1 survivors (1024K)
 Metaspace       used 28345K, committed 28736K, reserved 1081344K
  class space    used 3275K, committed 3456K, reserved 1048576K
}
Event: 19.781 GC heap after
{Heap after GC invocations=20 (full 0):
 garbage-first heap   total 71680K, used 39366K [0x00000000c9400000, 0x0000000100000000)
  region size 1024K, 1 young (1024K), 1 survivors (1024K)
 Metaspace       used 28345K, committed 28736K, reserved 1081344K
  class space    used 3275K, committed 3456K, reserved 1048576K
}
Event: 20.528 GC heap before
{Heap before GC invocations=20 (full 0):
 garbage-first heap   total 71680K, used 49606K [0x00000000c9400000, 0x0000000100000000)
  region size 1024K, 12 young (12288K), 1 survivors (1024K)
 Metaspace       used 29355K, committed 29696K, reserved 1081344K
  class space    used 3379K, committed 3520K, reserved 1048576K
}
Event: 20.535 GC heap after
{Heap after GC invocations=21 (full 0):
 garbage-first heap   total 71680K, used 40102K [0x00000000c9400000, 0x0000000100000000)
  region size 1024K, 2 young (2048K), 2 survivors (2048K)
 Metaspace       used 29355K, committed 29696K, reserved 1081344K
  class space    used 3379K, committed 3520K, reserved 1048576K
}
Event: 22.395 GC heap before
{Heap before GC invocations=22 (full 0):
 garbage-first heap   total 71680K, used 49318K [0x00000000c9400000, 0x0000000100000000)
  region size 1024K, 12 young (12288K), 2 survivors (2048K)
 Metaspace       used 30106K, committed 30464K, reserved 1081344K
  class space    used 3478K, committed 3648K, reserved 1048576K
}
Event: 22.400 GC heap after
{Heap after GC invocations=23 (full 0):
 garbage-first heap   total 71680K, used 40581K [0x00000000c9400000, 0x0000000100000000)
  region size 1024K, 2 young (2048K), 2 survivors (2048K)
 Metaspace       used 30106K, committed 30464K, reserved 1081344K
  class space    used 3478K, committed 3648K, reserved 1048576K
}
Event: 22.786 GC heap before
{Heap before GC invocations=24 (full 0):
 garbage-first heap   total 78848K, used 60037K [0x00000000c9400000, 0x0000000100000000)
  region size 1024K, 18 young (18432K), 2 survivors (2048K)
 Metaspace       used 30169K, committed 30528K, reserved 1081344K
  class space    used 3479K, committed 3648K, reserved 1048576K
}
Event: 22.796 GC heap after
{Heap after GC invocations=25 (full 0):
 garbage-first heap   total 78848K, used 53730K [0x00000000c9400000, 0x0000000100000000)
  region size 1024K, 3 young (3072K), 3 survivors (3072K)
 Metaspace       used 30169K, committed 30528K, reserved 1081344K
  class space    used 3479K, committed 3648K, reserved 1048576K
}
Event: 22.856 GC heap before
{Heap before GC invocations=25 (full 0):
 garbage-first heap   total 78848K, used 53730K [0x00000000c9400000, 0x0000000100000000)
  region size 1024K, 4 young (4096K), 3 survivors (3072K)
 Metaspace       used 30171K, committed 30528K, reserved 1081344K
  class space    used 3479K, committed 3648K, reserved 1048576K
}
Event: 22.861 GC heap after
{Heap after GC invocations=26 (full 0):
 garbage-first heap   total 78848K, used 47510K [0x00000000c9400000, 0x0000000100000000)
  region size 1024K, 1 young (1024K), 1 survivors (1024K)
 Metaspace       used 30171K, committed 30528K, reserved 1081344K
  class space    used 3479K, committed 3648K, reserved 1048576K
}
Event: 22.865 GC heap before
{Heap before GC invocations=26 (full 0):
 garbage-first heap   total 78848K, used 49558K [0x00000000c9400000, 0x0000000100000000)
  region size 1024K, 3 young (3072K), 1 survivors (1024K)
 Metaspace       used 30172K, committed 30528K, reserved 1081344K
  class space    used 3479K, committed 3648K, reserved 1048576K
}
Event: 22.869 GC heap after
{Heap after GC invocations=27 (full 0):
 garbage-first heap   total 78848K, used 46080K [0x00000000c9400000, 0x0000000100000000)
  region size 1024K, 1 young (1024K), 1 survivors (1024K)
 Metaspace       used 30172K, committed 30528K, reserved 1081344K
  class space    used 3479K, committed 3648K, reserved 1048576K
}
Event: 23.246 GC heap before
{Heap before GC invocations=27 (full 0):
 garbage-first heap   total 78848K, used 58368K [0x00000000c9400000, 0x0000000100000000)
  region size 1024K, 14 young (14336K), 1 survivors (1024K)
 Metaspace       used 30190K, committed 30592K, reserved 1081344K
  class space    used 3479K, committed 3648K, reserved 1048576K
}

