# JRE version: Java(TM) SE Runtime Environment (17.0.7+8) (build 17.0.7+8-LTS-224)
# Java VM: Java HotSpot(TM) 64-Bit Server VM (17.0.7+8-LTS-224, mixed mode, sharing, tiered, compressed oops, compressed class ptrs, g1 gc, windows-amd64)
GC Precious Log:
 CPUs: 2 total, 2 available
 Memory: 3500M
 Large Page Support: Disabled
 NUMA Support: Disabled
 Compressed Oops: Enabled (32-bit)
 Heap Region Size: 1M
 Heap Min Capacity: 8M
 Heap Initial Capacity: 56M
 Heap Max Capacity: 876M
 Pre-touch: Disabled
 Parallel Workers: 2
 Concurrent Workers: 1
 Concurrent Refinement Workers: 2
 Periodic GC: Disabled
Heap:
 garbage-first heap   total 58368K, used 24763K [0x00000000c9400000, 0x0000000100000000)
  region size 1024K, 11 young (11264K), 2 survivors (2048K)
 Metaspace       used 33468K, committed 33792K, reserved 1081344K
  class space    used 4504K, committed 4672K, reserved 1048576K
GC Heap History (20 events):
Event: 0.376 GC heap before
{Heap before GC invocations=0 (full 0):
 garbage-first heap   total 57344K, used 6144K [0x00000000c9400000, 0x0000000100000000)
  region size 1024K, 6 young (6144K), 0 survivors (0K)
 Metaspace       used 978K, committed 1088K, reserved 1056768K
  class space    used 83K, committed 128K, reserved 1048576K
}
Event: 0.380 GC heap after
{Heap after GC invocations=1 (full 0):
 garbage-first heap   total 57344K, used 4515K [0x00000000c9400000, 0x0000000100000000)
  region size 1024K, 1 young (1024K), 1 survivors (1024K)
 Metaspace       used 978K, committed 1088K, reserved 1056768K
  class space    used 83K, committed 128K, reserved 1048576K
}
Event: 0.463 GC heap before
{Heap before GC invocations=1 (full 0):
 garbage-first heap   total 57344K, used 7587K [0x00000000c9400000, 0x0000000100000000)
  region size 1024K, 4 young (4096K), 1 survivors (1024K)
 Metaspace       used 1740K, committed 1856K, reserved 1056768K
  class space    used 175K, committed 192K, reserved 1048576K
}
Event: 0.466 GC heap after
{Heap after GC invocations=2 (full 0):
 garbage-first heap   total 57344K, used 6336K [0x00000000c9400000, 0x0000000100000000)
  region size 1024K, 1 young (1024K), 1 survivors (1024K)
 Metaspace       used 1740K, committed 1856K, reserved 1056768K
  class space    used 175K, committed 192K, reserved 1048576K
}
Event: 0.945 GC heap before
{Heap before GC invocations=2 (full 0):
 garbage-first heap   total 57344K, used 12480K [0x00000000c9400000, 0x0000000100000000)
  region size 1024K, 7 young (7168K), 1 survivors (1024K)
 Metaspace       used 3028K, committed 3200K, reserved 1056768K
  class space    used 337K, committed 448K, reserved 1048576K
}
Event: 0.947 GC heap after
{Heap after GC invocations=3 (full 0):
 garbage-first heap   total 57344K, used 7381K [0x00000000c9400000, 0x0000000100000000)
  region size 1024K, 1 young (1024K), 1 survivors (1024K)
 Metaspace       used 3028K, committed 3200K, reserved 1056768K
  class space    used 337K, committed 448K, reserved 1048576K
}
Event: 1.450 GC heap before
{Heap before GC invocations=3 (full 0):
 garbage-first heap   total 57344K, used 18645K [0x00000000c9400000, 0x0000000100000000)
  region size 1024K, 12 young (12288K), 1 survivors (1024K)
 Metaspace       used 6548K, committed 6720K, reserved 1056768K
  class space    used 820K, committed 896K, reserved 1048576K
}
Event: 1.454 GC heap after
{Heap after GC invocations=4 (full 0):
 garbage-first heap   total 57344K, used 8341K [0x00000000c9400000, 0x0000000100000000)
  region size 1024K, 2 young (2048K), 2 survivors (2048K)
 Metaspace       used 6548K, committed 6720K, reserved 1056768K
  class space    used 820K, committed 896K, reserved 1048576K
}
Event: 2.572 GC heap before
{Heap before GC invocations=4 (full 0):
 garbage-first heap   total 57344K, used 34965K [0x00000000c9400000, 0x0000000100000000)
  region size 1024K, 28 young (28672K), 2 survivors (2048K)
 Metaspace       used 12495K, committed 12800K, reserved 1064960K
  class space    used 1638K, committed 1792K, reserved 1048576K
}
Event: 2.579 GC heap after
{Heap after GC invocations=5 (full 0):
 garbage-first heap   total 57344K, used 10399K [0x00000000c9400000, 0x0000000100000000)
  region size 1024K, 4 young (4096K), 4 survivors (4096K)
 Metaspace       used 12495K, committed 12800K, reserved 1064960K
  class space    used 1638K, committed 1792K, reserved 1048576K
}
Event: 3.245 GC heap before
{Heap before GC invocations=5 (full 0):
 garbage-first heap   total 57344K, used 37023K [0x00000000c9400000, 0x0000000100000000)
  region size 1024K, 30 young (30720K), 4 survivors (4096K)
 Metaspace       used 18731K, committed 19008K, reserved 1073152K
  class space    used 2426K, committed 2560K, reserved 1048576K
}
Event: 3.252 GC heap after
{Heap after GC invocations=6 (full 0):
 garbage-first heap   total 57344K, used 11292K [0x00000000c9400000, 0x0000000100000000)
  region size 1024K, 3 young (3072K), 3 survivors (3072K)
 Metaspace       used 18731K, committed 19008K, reserved 1073152K
  class space    used 2426K, committed 2560K, reserved 1048576K
}
Event: 4.053 GC heap before
{Heap before GC invocations=6 (full 0):
 garbage-first heap   total 57344K, used 33820K [0x00000000c9400000, 0x0000000100000000)
  region size 1024K, 26 young (26624K), 3 survivors (3072K)
 Metaspace       used 21288K, committed 21504K, reserved 1073152K
  class space    used 2741K, committed 2880K, reserved 1048576K
}
Event: 4.061 GC heap after
{Heap after GC invocations=7 (full 0):
 garbage-first heap   total 57344K, used 12999K [0x00000000c9400000, 0x0000000100000000)
  region size 1024K, 3 young (3072K), 3 survivors (3072K)
 Metaspace       used 21288K, committed 21504K, reserved 1073152K
  class space    used 2741K, committed 2880K, reserved 1048576K
}
Event: 5.051 GC heap before
{Heap before GC invocations=8 (full 0):
 garbage-first heap   total 48128K, used 38599K [0x00000000c9400000, 0x0000000100000000)
  region size 1024K, 28 young (28672K), 3 survivors (3072K)
 Metaspace       used 25230K, committed 25536K, reserved 1073152K
  class space    used 3319K, committed 3456K, reserved 1048576K
}
Event: 5.067 GC heap after
{Heap after GC invocations=9 (full 0):
 garbage-first heap   total 48128K, used 15005K [0x00000000c9400000, 0x0000000100000000)
  region size 1024K, 4 young (4096K), 4 survivors (4096K)
 Metaspace       used 25230K, committed 25536K, reserved 1073152K
  class space    used 3319K, committed 3456K, reserved 1048576K
}
Event: 5.103 GC heap before
{Heap before GC invocations=9 (full 0):
 garbage-first heap   total 48128K, used 16029K [0x00000000c9400000, 0x0000000100000000)
  region size 1024K, 5 young (5120K), 4 survivors (4096K)
 Metaspace       used 25437K, committed 25792K, reserved 1073152K
  class space    used 3359K, committed 3520K, reserved 1048576K
}
Event: 5.111 GC heap after
{Heap after GC invocations=10 (full 0):
 garbage-first heap   total 58368K, used 15583K [0x00000000c9400000, 0x0000000100000000)
  region size 1024K, 1 young (1024K), 1 survivors (1024K)
 Metaspace       used 25437K, committed 25792K, reserved 1073152K
  class space    used 3359K, committed 3520K, reserved 1048576K
}
Event: 6.256 GC heap before
{Heap before GC invocations=10 (full 0):
 garbage-first heap   total 58368K, used 42207K [0x00000000c9400000, 0x0000000100000000)
  region size 1024K, 28 young (28672K), 1 survivors (1024K)
 Metaspace       used 31359K, committed 31744K, reserved 1081344K
  class space    used 4201K, committed 4352K, reserved 1048576K
}
Event: 6.263 GC heap after
{Heap after GC invocations=11 (full 0):
 garbage-first heap   total 58368K, used 16571K [0x00000000c9400000, 0x0000000100000000)
  region size 1024K, 2 young (2048K), 2 survivors (2048K)
 Metaspace       used 31359K, committed 31744K, reserved 1081344K
  class space    used 4201K, committed 4352K, reserved 1048576K
}

