# JRE version: Java(TM) SE Runtime Environment (17.0.7+8) (build 17.0.7+8-LTS-224)
# Java VM: Java HotSpot(TM) 64-Bit Server VM (17.0.7+8-LTS-224, mixed mode, sharing, tiered, compressed oops, compressed class ptrs, g1 gc, windows-amd64)
GC Precious Log:
 CPUs: 2 total, 2 available
 Memory: 3500M
 Large Page Support: Disabled
 NUMA Support: Disabled
 Compressed Oops: Enabled (32-bit)
 Heap Region Size: 1M
 Heap Min Capacity: 8M
 Heap Initial Capacity: 56M
 Heap Max Capacity: 876M
 Pre-touch: Disabled
 Parallel Workers: 2
 Concurrent Workers: 1
 Concurrent Refinement Workers: 2
 Periodic GC: Disabled
Heap:
 garbage-first heap   total 57344K, used 32015K [0x00000000c9400000, 0x0000000100000000)
  region size 1024K, 25 young (25600K), 4 survivors (4096K)
 Metaspace       used 15795K, committed 15936K, reserved 1064960K
  class space    used 1870K, committed 1920K, reserved 1048576K
GC Heap History (12 events):
Event: 0.479 GC heap before
{Heap before GC invocations=0 (full 0):
 garbage-first heap   total 57344K, used 6144K [0x00000000c9400000, 0x0000000100000000)
  region size 1024K, 6 young (6144K), 0 survivors (0K)
 Metaspace       used 1883K, committed 2048K, reserved 1056768K
  class space    used 178K, committed 256K, reserved 1048576K
}
Event: 0.482 GC heap after
{Heap after GC invocations=1 (full 0):
 garbage-first heap   total 57344K, used 2056K [0x00000000c9400000, 0x0000000100000000)
  region size 1024K, 1 young (1024K), 1 survivors (1024K)
 Metaspace       used 1883K, committed 2048K, reserved 1056768K
  class space    used 178K, committed 256K, reserved 1048576K
}
Event: 0.934 GC heap before
{Heap before GC invocations=1 (full 0):
 garbage-first heap   total 57344K, used 7175K [0x00000000c9400000, 0x0000000100000000)
  region size 1024K, 6 young (6144K), 1 survivors (1024K)
 Metaspace       used 3146K, committed 3392K, reserved 1056768K
  class space    used 330K, committed 448K, reserved 1048576K
}
Event: 0.938 GC heap after
{Heap after GC invocations=2 (full 0):
 garbage-first heap   total 57344K, used 3271K [0x00000000c9400000, 0x0000000100000000)
  region size 1024K, 1 young (1024K), 1 survivors (1024K)
 Metaspace       used 3146K, committed 3392K, reserved 1056768K
  class space    used 330K, committed 448K, reserved 1048576K
}
Event: 1.327 GC heap before
{Heap before GC invocations=2 (full 0):
 garbage-first heap   total 57344K, used 12487K [0x00000000c9400000, 0x0000000100000000)
  region size 1024K, 11 young (11264K), 1 survivors (1024K)
 Metaspace       used 5602K, committed 5760K, reserved 1056768K
  class space    used 672K, committed 768K, reserved 1048576K
}
Event: 1.333 GC heap after
{Heap after GC invocations=3 (full 0):
 garbage-first heap   total 57344K, used 3761K [0x00000000c9400000, 0x0000000100000000)
  region size 1024K, 2 young (2048K), 2 survivors (2048K)
 Metaspace       used 5602K, committed 5760K, reserved 1056768K
  class space    used 672K, committed 768K, reserved 1048576K
}
Event: 2.232 GC heap before
{Heap before GC invocations=3 (full 0):
 garbage-first heap   total 57344K, used 35505K [0x00000000c9400000, 0x0000000100000000)
  region size 1024K, 33 young (33792K), 2 survivors (2048K)
 Metaspace       used 9364K, committed 9536K, reserved 1064960K
  class space    used 1139K, committed 1216K, reserved 1048576K
}
Event: 2.238 GC heap after
{Heap after GC invocations=4 (full 0):
 garbage-first heap   total 57344K, used 5140K [0x00000000c9400000, 0x0000000100000000)
  region size 1024K, 3 young (3072K), 3 survivors (3072K)
 Metaspace       used 9364K, committed 9536K, reserved 1064960K
  class space    used 1139K, committed 1216K, reserved 1048576K
}
Event: 3.613 GC heap before
{Heap before GC invocations=4 (full 0):
 garbage-first heap   total 57344K, used 35860K [0x00000000c9400000, 0x0000000100000000)
  region size 1024K, 33 young (33792K), 3 survivors (3072K)
 Metaspace       used 14757K, committed 14976K, reserved 1064960K
  class space    used 1798K, committed 1920K, reserved 1048576K
}
Event: 3.624 GC heap after
{Heap after GC invocations=5 (full 0):
 garbage-first heap   total 57344K, used 8072K [0x00000000c9400000, 0x0000000100000000)
  region size 1024K, 5 young (5120K), 5 survivors (5120K)
 Metaspace       used 14757K, committed 14976K, reserved 1064960K
  class space    used 1798K, committed 1920K, reserved 1048576K
}
Event: 4.468 GC heap before
{Heap before GC invocations=5 (full 0):
 garbage-first heap   total 57344K, used 36744K [0x00000000c9400000, 0x0000000100000000)
  region size 1024K, 33 young (33792K), 5 survivors (5120K)
 Metaspace       used 15558K, committed 15744K, reserved 1064960K
  class space    used 1867K, committed 1920K, reserved 1048576K
}
Event: 4.482 GC heap after
{Heap after GC invocations=6 (full 0):
 garbage-first heap   total 57344K, used 11535K [0x00000000c9400000, 0x0000000100000000)
  region size 1024K, 4 young (4096K), 4 survivors (4096K)
 Metaspace       used 15558K, committed 15744K, reserved 1064960K
  class space    used 1867K, committed 1920K, reserved 1048576K
}

