# JRE version: Java(TM) SE Runtime Environment (17.0.7+8) (build 17.0.7+8-LTS-224)
# Java VM: Java HotSpot(TM) 64-Bit Server VM (17.0.7+8-LTS-224, mixed mode, sharing, tiered, compressed oops, compressed class ptrs, g1 gc, windows-amd64)
GC Precious Log:
 CPUs: 2 total, 2 available
 Memory: 3500M
 Large Page Support: Disabled
 NUMA Support: Disabled
 Compressed Oops: Enabled (32-bit)
 Heap Region Size: 1M
 Heap Min Capacity: 8M
 Heap Initial Capacity: 56M
 Heap Max Capacity: 876M
 Pre-touch: Disabled
 Parallel Workers: 2
 Concurrent Workers: 1
 Concurrent Refinement Workers: 2
 Periodic GC: Disabled
Heap:
 garbage-first heap   total 54272K, used 22001K [0x00000000c9400000, 0x0000000100000000)
  region size 1024K, 8 young (8192K), 3 survivors (3072K)
 Metaspace       used 40170K, committed 40640K, reserved 1089536K
  class space    used 5192K, committed 5440K, reserved 1048576K
GC Heap History (18 events):
Event: 0.300 GC heap before
{Heap before GC invocations=0 (full 0):
 garbage-first heap   total 57344K, used 6144K [0x00000000c9400000, 0x0000000100000000)
  region size 1024K, 6 young (6144K), 0 survivors (0K)
 Metaspace       used 786K, committed 896K, reserved 1056768K
  class space    used 42K, committed 128K, reserved 1048576K
}
Event: 0.305 GC heap after
{Heap after GC invocations=1 (full 0):
 garbage-first heap   total 57344K, used 4914K [0x00000000c9400000, 0x0000000100000000)
  region size 1024K, 1 young (1024K), 1 survivors (1024K)
 Metaspace       used 786K, committed 896K, reserved 1056768K
  class space    used 42K, committed 128K, reserved 1048576K
}
Event: 0.577 GC heap before
{Heap before GC invocations=1 (full 0):
 garbage-first heap   total 57344K, used 7986K [0x00000000c9400000, 0x0000000100000000)
  region size 1024K, 4 young (4096K), 1 survivors (1024K)
 Metaspace       used 2212K, committed 2368K, reserved 1056768K
  class space    used 209K, committed 256K, reserved 1048576K
}
Event: 0.580 GC heap after
{Heap after GC invocations=2 (full 0):
 garbage-first heap   total 57344K, used 5482K [0x00000000c9400000, 0x0000000100000000)
  region size 1024K, 1 young (1024K), 1 survivors (1024K)
 Metaspace       used 2212K, committed 2368K, reserved 1056768K
  class space    used 209K, committed 256K, reserved 1048576K
}
Event: 0.941 GC heap before
{Heap before GC invocations=2 (full 0):
 garbage-first heap   total 57344K, used 13674K [0x00000000c9400000, 0x0000000100000000)
  region size 1024K, 9 young (9216K), 1 survivors (1024K)
 Metaspace       used 4884K, committed 5056K, reserved 1056768K
  class space    used 563K, committed 640K, reserved 1048576K
}
Event: 0.945 GC heap after
{Heap after GC invocations=3 (full 0):
 garbage-first heap   total 57344K, used 6140K [0x00000000c9400000, 0x0000000100000000)
  region size 1024K, 2 young (2048K), 2 survivors (2048K)
 Metaspace       used 4884K, committed 5056K, reserved 1056768K
  class space    used 563K, committed 640K, reserved 1048576K
}
Event: 2.037 GC heap before
{Heap before GC invocations=3 (full 0):
 garbage-first heap   total 57344K, used 32764K [0x00000000c9400000, 0x0000000100000000)
  region size 1024K, 28 young (28672K), 2 survivors (2048K)
 Metaspace       used 11537K, committed 11776K, reserved 1064960K
  class space    used 1381K, committed 1472K, reserved 1048576K
}
Event: 2.053 GC heap after
{Heap after GC invocations=4 (full 0):
 garbage-first heap   total 57344K, used 8527K [0x00000000c9400000, 0x0000000100000000)
  region size 1024K, 4 young (4096K), 4 survivors (4096K)
 Metaspace       used 11537K, committed 11776K, reserved 1064960K
  class space    used 1381K, committed 1472K, reserved 1048576K
}
Event: 3.544 GC heap before
{Heap before GC invocations=4 (full 0):
 garbage-first heap   total 57344K, used 36175K [0x00000000c9400000, 0x0000000100000000)
  region size 1024K, 32 young (32768K), 4 survivors (4096K)
 Metaspace       used 16690K, committed 16896K, reserved 1064960K
  class space    used 2028K, committed 2112K, reserved 1048576K
}
Event: 3.554 GC heap after
{Heap after GC invocations=5 (full 0):
 garbage-first heap   total 57344K, used 10966K [0x00000000c9400000, 0x0000000100000000)
  region size 1024K, 3 young (3072K), 3 survivors (3072K)
 Metaspace       used 16690K, committed 16896K, reserved 1064960K
  class space    used 2028K, committed 2112K, reserved 1048576K
}
Event: 5.022 GC heap before
{Heap before GC invocations=5 (full 0):
 garbage-first heap   total 57344K, used 36566K [0x00000000c9400000, 0x0000000100000000)
  region size 1024K, 30 young (30720K), 3 survivors (3072K)
 Metaspace       used 21176K, committed 21504K, reserved 1073152K
  class space    used 2661K, committed 2816K, reserved 1048576K
}
Event: 5.029 GC heap after
{Heap after GC invocations=6 (full 0):
 garbage-first heap   total 57344K, used 12791K [0x00000000c9400000, 0x0000000100000000)
  region size 1024K, 3 young (3072K), 3 survivors (3072K)
 Metaspace       used 21176K, committed 21504K, reserved 1073152K
  class space    used 2661K, committed 2816K, reserved 1048576K
}
Event: 6.030 GC heap before
{Heap before GC invocations=7 (full 0):
 garbage-first heap   total 45056K, used 36343K [0x00000000c9400000, 0x0000000100000000)
  region size 1024K, 26 young (26624K), 3 survivors (3072K)
 Metaspace       used 26532K, committed 26944K, reserved 1073152K
  class space    used 3363K, committed 3520K, reserved 1048576K
}
Event: 6.041 GC heap after
{Heap after GC invocations=8 (full 0):
 garbage-first heap   total 45056K, used 15753K [0x00000000c9400000, 0x0000000100000000)
  region size 1024K, 3 young (3072K), 3 survivors (3072K)
 Metaspace       used 26532K, committed 26944K, reserved 1073152K
  class space    used 3363K, committed 3520K, reserved 1048576K
}
Event: 6.724 GC heap before
{Heap before GC invocations=8 (full 0):
 garbage-first heap   total 45056K, used 31113K [0x00000000c9400000, 0x0000000100000000)
  region size 1024K, 19 young (19456K), 3 survivors (3072K)
 Metaspace       used 29344K, committed 29824K, reserved 1081344K
  class space    used 3750K, committed 3968K, reserved 1048576K
}
Event: 6.731 GC heap after
{Heap after GC invocations=9 (full 0):
 garbage-first heap   total 54272K, used 16599K [0x00000000c9400000, 0x0000000100000000)
  region size 1024K, 1 young (1024K), 1 survivors (1024K)
 Metaspace       used 29344K, committed 29824K, reserved 1081344K
  class space    used 3750K, committed 3968K, reserved 1048576K
}
Event: 7.419 GC heap before
{Heap before GC invocations=9 (full 0):
 garbage-first heap   total 54272K, used 37079K [0x00000000c9400000, 0x0000000100000000)
  region size 1024K, 22 young (22528K), 1 survivors (1024K)
 Metaspace       used 35609K, committed 35968K, reserved 1081344K
  class space    used 4623K, committed 4800K, reserved 1048576K
}
Event: 7.425 GC heap after
{Heap after GC invocations=10 (full 0):
 garbage-first heap   total 54272K, used 17905K [0x00000000c9400000, 0x0000000100000000)
  region size 1024K, 3 young (3072K), 3 survivors (3072K)
 Metaspace       used 35609K, committed 35968K, reserved 1081344K
  class space    used 4623K, committed 4800K, reserved 1048576K
}

