# JRE version: Java(TM) SE Runtime Environment (17.0.7+8) (build 17.0.7+8-LTS-224)
# Java VM: Java HotSpot(TM) 64-Bit Server VM (17.0.7+8-LTS-224, mixed mode, sharing, tiered, compressed oops, compressed class ptrs, g1 gc, windows-amd64)
GC Precious Log:
 CPUs: 2 total, 2 available
 Memory: 3500M
 Large Page Support: Disabled
 NUMA Support: Disabled
 Compressed Oops: Enabled (32-bit)
 Heap Region Size: 1M
 Heap Min Capacity: 8M
 Heap Initial Capacity: 56M
 Heap Max Capacity: 876M
 Pre-touch: Disabled
 Parallel Workers: 2
 Concurrent Workers: 1
 Concurrent Refinement Workers: 2
 Periodic GC: Disabled
Heap:
 garbage-first heap   total 48128K, used 17376K [0x00000000c9400000, 0x0000000100000000)
  region size 1024K, 3 young (3072K), 1 survivors (1024K)
 Metaspace       used 27237K, committed 27648K, reserved 1081344K
  class space    used 3462K, committed 3648K, reserved 1048576K
GC Heap History (16 events):
Event: 0.260 GC heap before
{Heap before GC invocations=0 (full 0):
 garbage-first heap   total 57344K, used 6144K [0x00000000c9400000, 0x0000000100000000)
  region size 1024K, 6 young (6144K), 0 survivors (0K)
 Metaspace       used 772K, committed 896K, reserved 1056768K
  class space    used 39K, committed 128K, reserved 1048576K
}
Event: 0.263 GC heap after
{Heap after GC invocations=1 (full 0):
 garbage-first heap   total 57344K, used 4900K [0x00000000c9400000, 0x0000000100000000)
  region size 1024K, 1 young (1024K), 1 survivors (1024K)
 Metaspace       used 772K, committed 896K, reserved 1056768K
  class space    used 39K, committed 128K, reserved 1048576K
}
Event: 0.501 GC heap before
{Heap before GC invocations=1 (full 0):
 garbage-first heap   total 57344K, used 7972K [0x00000000c9400000, 0x0000000100000000)
  region size 1024K, 4 young (4096K), 1 survivors (1024K)
 Metaspace       used 2213K, committed 2368K, reserved 1056768K
  class space    used 209K, committed 256K, reserved 1048576K
}
Event: 0.503 GC heap after
{Heap after GC invocations=2 (full 0):
 garbage-first heap   total 57344K, used 5571K [0x00000000c9400000, 0x0000000100000000)
  region size 1024K, 1 young (1024K), 1 survivors (1024K)
 Metaspace       used 2213K, committed 2368K, reserved 1056768K
  class space    used 209K, committed 256K, reserved 1048576K
}
Event: 0.827 GC heap before
{Heap before GC invocations=2 (full 0):
 garbage-first heap   total 57344K, used 13763K [0x00000000c9400000, 0x0000000100000000)
  region size 1024K, 9 young (9216K), 1 survivors (1024K)
 Metaspace       used 4889K, committed 5056K, reserved 1056768K
  class space    used 562K, committed 640K, reserved 1048576K
}
Event: 0.829 GC heap after
{Heap after GC invocations=3 (full 0):
 garbage-first heap   total 57344K, used 6239K [0x00000000c9400000, 0x0000000100000000)
  region size 1024K, 2 young (2048K), 2 survivors (2048K)
 Metaspace       used 4889K, committed 5056K, reserved 1056768K
  class space    used 562K, committed 640K, reserved 1048576K
}
Event: 1.872 GC heap before
{Heap before GC invocations=3 (full 0):
 garbage-first heap   total 57344K, used 31839K [0x00000000c9400000, 0x0000000100000000)
  region size 1024K, 28 young (28672K), 2 survivors (2048K)
 Metaspace       used 11537K, committed 11776K, reserved 1064960K
  class space    used 1362K, committed 1472K, reserved 1048576K
}
Event: 1.879 GC heap after
{Heap after GC invocations=4 (full 0):
 garbage-first heap   total 57344K, used 8489K [0x00000000c9400000, 0x0000000100000000)
  region size 1024K, 4 young (4096K), 4 survivors (4096K)
 Metaspace       used 11537K, committed 11776K, reserved 1064960K
  class space    used 1362K, committed 1472K, reserved 1048576K
}
Event: 4.800 GC heap before
{Heap before GC invocations=4 (full 0):
 garbage-first heap   total 57344K, used 36137K [0x00000000c9400000, 0x0000000100000000)
  region size 1024K, 32 young (32768K), 4 survivors (4096K)
 Metaspace       used 16725K, committed 16896K, reserved 1064960K
  class space    used 2029K, committed 2112K, reserved 1048576K
}
Event: 4.811 GC heap after
{Heap after GC invocations=5 (full 0):
 garbage-first heap   total 57344K, used 11001K [0x00000000c9400000, 0x0000000100000000)
  region size 1024K, 3 young (3072K), 3 survivors (3072K)
 Metaspace       used 16725K, committed 16896K, reserved 1064960K
  class space    used 2029K, committed 2112K, reserved 1048576K
}
Event: 7.571 GC heap before
{Heap before GC invocations=5 (full 0):
 garbage-first heap   total 57344K, used 37625K [0x00000000c9400000, 0x0000000100000000)
  region size 1024K, 30 young (30720K), 3 survivors (3072K)
 Metaspace       used 21174K, committed 21504K, reserved 1073152K
  class space    used 2656K, committed 2816K, reserved 1048576K
}
Event: 7.586 GC heap after
{Heap after GC invocations=6 (full 0):
 garbage-first heap   total 57344K, used 12780K [0x00000000c9400000, 0x0000000100000000)
  region size 1024K, 3 young (3072K), 3 survivors (3072K)
 Metaspace       used 21174K, committed 21504K, reserved 1073152K
  class space    used 2656K, committed 2816K, reserved 1048576K
}
Event: 11.185 GC heap before
{Heap before GC invocations=7 (full 0):
 garbage-first heap   total 48128K, used 37356K [0x00000000c9400000, 0x0000000100000000)
  region size 1024K, 28 young (28672K), 3 survivors (3072K)
 Metaspace       used 26805K, committed 27200K, reserved 1073152K
  class space    used 3395K, committed 3584K, reserved 1048576K
}
Event: 11.199 GC heap after
{Heap after GC invocations=8 (full 0):
 garbage-first heap   total 48128K, used 16271K [0x00000000c9400000, 0x0000000100000000)
  region size 1024K, 4 young (4096K), 4 survivors (4096K)
 Metaspace       used 26805K, committed 27200K, reserved 1073152K
  class space    used 3395K, committed 3584K, reserved 1048576K
}
Event: 11.262 GC heap before
{Heap before GC invocations=8 (full 0):
 garbage-first heap   total 48128K, used 17295K [0x00000000c9400000, 0x0000000100000000)
  region size 1024K, 5 young (5120K), 4 survivors (4096K)
 Metaspace       used 27031K, committed 27456K, reserved 1073152K
  class space    used 3423K, committed 3648K, reserved 1048576K
}
Event: 11.272 GC heap after
{Heap after GC invocations=9 (full 0):
 garbage-first heap   total 48128K, used 16352K [0x00000000c9400000, 0x0000000100000000)
  region size 1024K, 1 young (1024K), 1 survivors (1024K)
 Metaspace       used 27031K, committed 27456K, reserved 1073152K
  class space    used 3423K, committed 3648K, reserved 1048576K
}

