# JRE version: Java(TM) SE Runtime Environment (17.0.7+8) (build 17.0.7+8-LTS-224)
# Java VM: Java HotSpot(TM) 64-Bit Server VM (17.0.7+8-LTS-224, mixed mode, sharing, tiered, compressed oops, compressed class ptrs, g1 gc, windows-amd64)
GC Precious Log:
 CPUs: 2 total, 2 available
 Memory: 3500M
 Large Page Support: Disabled
 NUMA Support: Disabled
 Compressed Oops: Enabled (32-bit)
 Heap Region Size: 1M
 Heap Min Capacity: 8M
 Heap Initial Capacity: 56M
 Heap Max Capacity: 876M
 Pre-touch: Disabled
 Parallel Workers: 2
 Concurrent Workers: 1
 Concurrent Refinement Workers: 2
 Periodic GC: Disabled
Heap:
 garbage-first heap   total 184320K, used 65971K [0x00000000c9400000, 0x0000000100000000)
  region size 1024K, 22 young (22528K), 3 survivors (3072K)
 Metaspace       used 32845K, committed 33280K, reserved 1081344K
  class space    used 3756K, committed 3968K, reserved 1048576K
GC Heap History (20 events):
Event: 10.634 GC heap before
{Heap before GC invocations=17 (full 0):
 garbage-first heap   total 72704K, used 53427K [0x00000000c9400000, 0x0000000100000000)
  region size 1024K, 16 young (16384K), 1 survivors (1024K)
 Metaspace       used 28228K, committed 28544K, reserved 1081344K
  class space    used 3258K, committed 3392K, reserved 1048576K
}
Event: 10.637 GC heap after
{Heap after GC invocations=18 (full 0):
 garbage-first heap   total 72704K, used 39217K [0x00000000c9400000, 0x0000000100000000)
  region size 1024K, 2 young (2048K), 2 survivors (2048K)
 Metaspace       used 28228K, committed 28544K, reserved 1081344K
  class space    used 3258K, committed 3392K, reserved 1048576K
}
Event: 11.282 GC heap before
{Heap before GC invocations=18 (full 0):
 garbage-first heap   total 72704K, used 50481K [0x00000000c9400000, 0x0000000100000000)
  region size 1024K, 15 young (15360K), 2 survivors (2048K)
 Metaspace       used 29347K, committed 29696K, reserved 1081344K
  class space    used 3383K, committed 3520K, reserved 1048576K
}
Event: 11.287 GC heap after
{Heap after GC invocations=19 (full 0):
 garbage-first heap   total 72704K, used 39986K [0x00000000c9400000, 0x0000000100000000)
  region size 1024K, 2 young (2048K), 2 survivors (2048K)
 Metaspace       used 29347K, committed 29696K, reserved 1081344K
  class space    used 3383K, committed 3520K, reserved 1048576K
}
Event: 11.935 GC heap before
{Heap before GC invocations=20 (full 0):
 garbage-first heap   total 72704K, used 49202K [0x00000000c9400000, 0x0000000100000000)
  region size 1024K, 12 young (12288K), 2 survivors (2048K)
 Metaspace       used 30073K, committed 30464K, reserved 1081344K
  class space    used 3479K, committed 3648K, reserved 1048576K
}
Event: 11.940 GC heap after
{Heap after GC invocations=21 (full 0):
 garbage-first heap   total 72704K, used 40542K [0x00000000c9400000, 0x0000000100000000)
  region size 1024K, 2 young (2048K), 2 survivors (2048K)
 Metaspace       used 30073K, committed 30464K, reserved 1081344K
  class space    used 3479K, committed 3648K, reserved 1048576K
}
Event: 12.677 GC heap before
{Heap before GC invocations=22 (full 0):
 garbage-first heap   total 72704K, used 59998K [0x00000000c9400000, 0x0000000100000000)
  region size 1024K, 19 young (19456K), 2 survivors (2048K)
 Metaspace       used 30144K, committed 30528K, reserved 1081344K
  class space    used 3480K, committed 3648K, reserved 1048576K
}
Event: 12.686 GC heap after
{Heap after GC invocations=23 (full 0):
 garbage-first heap   total 72704K, used 52550K [0x00000000c9400000, 0x0000000100000000)
  region size 1024K, 3 young (3072K), 3 survivors (3072K)
 Metaspace       used 30144K, committed 30528K, reserved 1081344K
  class space    used 3480K, committed 3648K, reserved 1048576K
}
Event: 12.690 GC heap before
{Heap before GC invocations=23 (full 0):
 garbage-first heap   total 72704K, used 53574K [0x00000000c9400000, 0x0000000100000000)
  region size 1024K, 4 young (4096K), 3 survivors (3072K)
 Metaspace       used 30144K, committed 30528K, reserved 1081344K
  class space    used 3480K, committed 3648K, reserved 1048576K
}
Event: 12.696 GC heap after
{Heap after GC invocations=24 (full 0):
 garbage-first heap   total 72704K, used 48128K [0x00000000c9400000, 0x0000000100000000)
  region size 1024K, 1 young (1024K), 1 survivors (1024K)
 Metaspace       used 30144K, committed 30528K, reserved 1081344K
  class space    used 3480K, committed 3648K, reserved 1048576K
}
Event: 13.031 GC heap before
{Heap before GC invocations=24 (full 0):
 garbage-first heap   total 72704K, used 49152K [0x00000000c9400000, 0x0000000100000000)
  region size 1024K, 3 young (3072K), 1 survivors (1024K)
 Metaspace       used 30145K, committed 30528K, reserved 1081344K
  class space    used 3480K, committed 3648K, reserved 1048576K
}
Event: 13.034 GC heap after
{Heap after GC invocations=25 (full 0):
 garbage-first heap   total 72704K, used 47254K [0x00000000c9400000, 0x0000000100000000)
  region size 1024K, 1 young (1024K), 1 survivors (1024K)
 Metaspace       used 30145K, committed 30528K, reserved 1081344K
  class space    used 3480K, committed 3648K, reserved 1048576K
}
Event: 13.641 GC heap before
{Heap before GC invocations=25 (full 0):
 garbage-first heap   total 72704K, used 56470K [0x00000000c9400000, 0x0000000100000000)
  region size 1024K, 10 young (10240K), 1 survivors (1024K)
 Metaspace       used 30160K, committed 30528K, reserved 1081344K
  class space    used 3480K, committed 3648K, reserved 1048576K
}
Event: 13.647 GC heap after
{Heap after GC invocations=26 (full 0):
 garbage-first heap   total 72704K, used 50845K [0x00000000c9400000, 0x0000000100000000)
  region size 1024K, 2 young (2048K), 2 survivors (2048K)
 Metaspace       used 30160K, committed 30528K, reserved 1081344K
  class space    used 3480K, committed 3648K, reserved 1048576K
}
Event: 13.981 GC heap before
{Heap before GC invocations=27 (full 0):
 garbage-first heap   total 81920K, used 53917K [0x00000000c9400000, 0x0000000100000000)
  region size 1024K, 9 young (9216K), 2 survivors (2048K)
 Metaspace       used 28500K, committed 29376K, reserved 1081344K
  class space    used 3277K, committed 3584K, reserved 1048576K
}
Event: 13.985 GC heap after
{Heap after GC invocations=28 (full 0):
 garbage-first heap   total 81920K, used 50484K [0x00000000c9400000, 0x0000000100000000)
  region size 1024K, 2 young (2048K), 2 survivors (2048K)
 Metaspace       used 28500K, committed 29376K, reserved 1081344K
  class space    used 3277K, committed 3584K, reserved 1048576K
}
Event: 14.007 GC heap before
{Heap before GC invocations=28 (full 0):
 garbage-first heap   total 81920K, used 52532K [0x00000000c9400000, 0x0000000100000000)
  region size 1024K, 4 young (4096K), 2 survivors (2048K)
 Metaspace       used 28500K, committed 29376K, reserved 1081344K
  class space    used 3277K, committed 3584K, reserved 1048576K
}
Event: 14.014 GC heap after
{Heap after GC invocations=29 (full 0):
 garbage-first heap   total 184320K, used 46080K [0x00000000c9400000, 0x0000000100000000)
  region size 1024K, 1 young (1024K), 1 survivors (1024K)
 Metaspace       used 28500K, committed 29376K, reserved 1081344K
  class space    used 3277K, committed 3584K, reserved 1048576K
}
Event: 15.718 GC heap before
{Heap before GC invocations=29 (full 0):
 garbage-first heap   total 184320K, used 101376K [0x00000000c9400000, 0x0000000100000000)
  region size 1024K, 56 young (57344K), 1 survivors (1024K)
 Metaspace       used 30505K, committed 30848K, reserved 1081344K
  class space    used 3494K, committed 3648K, reserved 1048576K
}
Event: 15.725 GC heap after
{Heap after GC invocations=30 (full 0):
 garbage-first heap   total 184320K, used 47539K [0x00000000c9400000, 0x0000000100000000)
  region size 1024K, 3 young (3072K), 3 survivors (3072K)
 Metaspace       used 30505K, committed 30848K, reserved 1081344K
  class space    used 3494K, committed 3648K, reserved 1048576K
}

