# JRE version: Java(TM) SE Runtime Environment (17.0.7+8) (build 17.0.7+8-LTS-224)
# Java VM: Java HotSpot(TM) 64-Bit Server VM (17.0.7+8-LTS-224, mixed mode, sharing, tiered, compressed oops, compressed class ptrs, g1 gc, windows-amd64)
GC Precious Log:
 CPUs: 2 total, 2 available
 Memory: 3500M
 Large Page Support: Disabled
 NUMA Support: Disabled
 Compressed Oops: Enabled (32-bit)
 Heap Region Size: 1M
 Heap Min Capacity: 8M
 Heap Initial Capacity: 56M
 Heap Max Capacity: 876M
 Pre-touch: Disabled
 Parallel Workers: 2
 Concurrent Workers: 1
 Concurrent Refinement Workers: 2
 Periodic GC: Disabled
Heap:
 garbage-first heap   total 48128K, used 27808K [0x00000000c9400000, 0x0000000100000000)
  region size 1024K, 13 young (13312K), 3 survivors (3072K)
 Metaspace       used 41285K, committed 41664K, reserved 1089536K
  class space    used 5511K, committed 5696K, reserved 1048576K
GC Heap History (20 events):
Event: 0.494 GC heap before
{Heap before GC invocations=1 (full 0):
 garbage-first heap   total 57344K, used 8707K [0x00000000c9400000, 0x0000000100000000)
  region size 1024K, 5 young (5120K), 1 survivors (1024K)
 Metaspace       used 1877K, committed 2048K, reserved 1056768K
  class space    used 183K, committed 256K, reserved 1048576K
}
Event: 0.497 GC heap after
{Heap after GC invocations=2 (full 0):
 garbage-first heap   total 57344K, used 7168K [0x00000000c9400000, 0x0000000100000000)
  region size 1024K, 1 young (1024K), 1 survivors (1024K)
 Metaspace       used 1877K, committed 2048K, reserved 1056768K
  class space    used 183K, committed 256K, reserved 1048576K
}
Event: 0.744 GC heap before
{Heap before GC invocations=2 (full 0):
 garbage-first heap   total 57344K, used 12288K [0x00000000c9400000, 0x0000000100000000)
  region size 1024K, 7 young (7168K), 1 survivors (1024K)
 Metaspace       used 3495K, committed 3648K, reserved 1056768K
  class space    used 399K, committed 448K, reserved 1048576K
}
Event: 0.747 GC heap after
{Heap after GC invocations=3 (full 0):
 garbage-first heap   total 57344K, used 7644K [0x00000000c9400000, 0x0000000100000000)
  region size 1024K, 1 young (1024K), 1 survivors (1024K)
 Metaspace       used 3495K, committed 3648K, reserved 1056768K
  class space    used 399K, committed 448K, reserved 1048576K
}
Event: 1.515 GC heap before
{Heap before GC invocations=3 (full 0):
 garbage-first heap   total 57344K, used 21980K [0x00000000c9400000, 0x0000000100000000)
  region size 1024K, 15 young (15360K), 1 survivors (1024K)
 Metaspace       used 7522K, committed 7680K, reserved 1056768K
  class space    used 944K, committed 1024K, reserved 1048576K
}
Event: 1.519 GC heap after
{Heap after GC invocations=4 (full 0):
 garbage-first heap   total 57344K, used 8794K [0x00000000c9400000, 0x0000000100000000)
  region size 1024K, 2 young (2048K), 2 survivors (2048K)
 Metaspace       used 7522K, committed 7680K, reserved 1056768K
  class space    used 944K, committed 1024K, reserved 1048576K
}
Event: 3.216 GC heap before
{Heap before GC invocations=4 (full 0):
 garbage-first heap   total 57344K, used 38490K [0x00000000c9400000, 0x0000000100000000)
  region size 1024K, 31 young (31744K), 2 survivors (2048K)
 Metaspace       used 14264K, committed 14528K, reserved 1064960K
  class space    used 1878K, committed 1984K, reserved 1048576K
}
Event: 3.224 GC heap after
{Heap after GC invocations=5 (full 0):
 garbage-first heap   total 57344K, used 10675K [0x00000000c9400000, 0x0000000100000000)
  region size 1024K, 4 young (4096K), 4 survivors (4096K)
 Metaspace       used 14264K, committed 14528K, reserved 1064960K
  class space    used 1878K, committed 1984K, reserved 1048576K
}
Event: 4.049 GC heap before
{Heap before GC invocations=5 (full 0):
 garbage-first heap   total 57344K, used 38323K [0x00000000c9400000, 0x0000000100000000)
  region size 1024K, 32 young (32768K), 4 survivors (4096K)
 Metaspace       used 20168K, committed 20416K, reserved 1073152K
  class space    used 2607K, committed 2752K, reserved 1048576K
}
Event: 4.063 GC heap after
{Heap after GC invocations=6 (full 0):
 garbage-first heap   total 57344K, used 12325K [0x00000000c9400000, 0x0000000100000000)
  region size 1024K, 4 young (4096K), 4 survivors (4096K)
 Metaspace       used 20168K, committed 20416K, reserved 1073152K
  class space    used 2607K, committed 2752K, reserved 1048576K
}
Event: 4.705 GC heap before
{Heap before GC invocations=6 (full 0):
 garbage-first heap   total 57344K, used 24613K [0x00000000c9400000, 0x0000000100000000)
  region size 1024K, 17 young (17408K), 4 survivors (4096K)
 Metaspace       used 21218K, committed 21504K, reserved 1073152K
  class space    used 2728K, committed 2880K, reserved 1048576K
}
Event: 4.719 GC heap after
{Heap after GC invocations=7 (full 0):
 garbage-first heap   total 69632K, used 12979K [0x00000000c9400000, 0x0000000100000000)
  region size 1024K, 3 young (3072K), 3 survivors (3072K)
 Metaspace       used 21218K, committed 21504K, reserved 1073152K
  class space    used 2728K, committed 2880K, reserved 1048576K
}
Event: 6.024 GC heap before
{Heap before GC invocations=8 (full 0):
 garbage-first heap   total 48128K, used 38579K [0x00000000c9400000, 0x0000000100000000)
  region size 1024K, 28 young (28672K), 3 survivors (3072K)
 Metaspace       used 25174K, committed 25536K, reserved 1073152K
  class space    used 3302K, committed 3456K, reserved 1048576K
}
Event: 6.032 GC heap after
{Heap after GC invocations=9 (full 0):
 garbage-first heap   total 48128K, used 15272K [0x00000000c9400000, 0x0000000100000000)
  region size 1024K, 4 young (4096K), 4 survivors (4096K)
 Metaspace       used 25174K, committed 25536K, reserved 1073152K
  class space    used 3302K, committed 3456K, reserved 1048576K
}
Event: 6.652 GC heap before
{Heap before GC invocations=9 (full 0):
 garbage-first heap   total 48128K, used 33704K [0x00000000c9400000, 0x0000000100000000)
  region size 1024K, 23 young (23552K), 4 survivors (4096K)
 Metaspace       used 28586K, committed 28928K, reserved 1081344K
  class space    used 3796K, committed 3968K, reserved 1048576K
}
Event: 6.660 GC heap after
{Heap after GC invocations=10 (full 0):
 garbage-first heap   total 48128K, used 16646K [0x00000000c9400000, 0x0000000100000000)
  region size 1024K, 2 young (2048K), 2 survivors (2048K)
 Metaspace       used 28586K, committed 28928K, reserved 1081344K
  class space    used 3796K, committed 3968K, reserved 1048576K
}
Event: 7.315 GC heap before
{Heap before GC invocations=10 (full 0):
 garbage-first heap   total 48128K, used 34054K [0x00000000c9400000, 0x0000000100000000)
  region size 1024K, 20 young (20480K), 2 survivors (2048K)
 Metaspace       used 33469K, committed 33792K, reserved 1081344K
  class space    used 4505K, committed 4672K, reserved 1048576K
}
Event: 7.320 GC heap after
{Heap after GC invocations=11 (full 0):
 garbage-first heap   total 48128K, used 17594K [0x00000000c9400000, 0x0000000100000000)
  region size 1024K, 3 young (3072K), 3 survivors (3072K)
 Metaspace       used 33469K, committed 33792K, reserved 1081344K
  class space    used 4505K, committed 4672K, reserved 1048576K
}
Event: 7.793 GC heap before
{Heap before GC invocations=11 (full 0):
 garbage-first heap   total 48128K, used 22714K [0x00000000c9400000, 0x0000000100000000)
  region size 1024K, 9 young (9216K), 3 survivors (3072K)
 Metaspace       used 35681K, committed 35968K, reserved 1081344K
  class space    used 4774K, committed 4928K, reserved 1048576K
}
Event: 7.798 GC heap after
{Heap after GC invocations=12 (full 0):
 garbage-first heap   total 48128K, used 18592K [0x00000000c9400000, 0x0000000100000000)
  region size 1024K, 3 young (3072K), 3 survivors (3072K)
 Metaspace       used 35681K, committed 35968K, reserved 1081344K
  class space    used 4774K, committed 4928K, reserved 1048576K
}

