# JRE version: Java(TM) SE Runtime Environment (17.0.7+8) (build 17.0.7+8-LTS-224)
# Java VM: Java HotSpot(TM) 64-Bit Server VM (17.0.7+8-LTS-224, mixed mode, sharing, tiered, compressed oops, compressed class ptrs, g1 gc, windows-amd64)
GC Precious Log:
 CPUs: 2 total, 2 available
 Memory: 3500M
 Large Page Support: Disabled
 NUMA Support: Disabled
 Compressed Oops: Enabled (32-bit)
 Heap Region Size: 1M
 Heap Min Capacity: 8M
 Heap Initial Capacity: 56M
 Heap Max Capacity: 876M
 Pre-touch: Disabled
 Parallel Workers: 2
 Concurrent Workers: 1
 Concurrent Refinement Workers: 2
 Periodic GC: Disabled
Heap:
 garbage-first heap   total 66560K, used 23877K [0x00000000c9400000, 0x0000000100000000)
  region size 1024K, 10 young (10240K), 4 survivors (4096K)
 Metaspace       used 40139K, committed 40576K, reserved 1089536K
  class space    used 5323K, committed 5568K, reserved 1048576K
GC Heap History (20 events):
Event: 0.386 GC heap before
{Heap before GC invocations=0 (full 0):
 garbage-first heap   total 57344K, used 6144K [0x00000000c9400000, 0x0000000100000000)
  region size 1024K, 6 young (6144K), 0 survivors (0K)
 Metaspace       used 987K, committed 1088K, reserved 1056768K
  class space    used 83K, committed 128K, reserved 1048576K
}
Event: 0.395 GC heap after
{Heap after GC invocations=1 (full 0):
 garbage-first heap   total 57344K, used 4611K [0x00000000c9400000, 0x0000000100000000)
  region size 1024K, 1 young (1024K), 1 survivors (1024K)
 Metaspace       used 987K, committed 1088K, reserved 1056768K
  class space    used 83K, committed 128K, reserved 1048576K
}
Event: 0.596 GC heap before
{Heap before GC invocations=1 (full 0):
 garbage-first heap   total 57344K, used 6659K [0x00000000c9400000, 0x0000000100000000)
  region size 1024K, 4 young (4096K), 1 survivors (1024K)
 Metaspace       used 1756K, committed 1856K, reserved 1056768K
  class space    used 175K, committed 192K, reserved 1048576K
}
Event: 0.599 GC heap after
{Heap after GC invocations=2 (full 0):
 garbage-first heap   total 57344K, used 6561K [0x00000000c9400000, 0x0000000100000000)
  region size 1024K, 1 young (1024K), 1 survivors (1024K)
 Metaspace       used 1756K, committed 1856K, reserved 1056768K
  class space    used 175K, committed 192K, reserved 1048576K
}
Event: 1.061 GC heap before
{Heap before GC invocations=2 (full 0):
 garbage-first heap   total 57344K, used 11681K [0x00000000c9400000, 0x0000000100000000)
  region size 1024K, 7 young (7168K), 1 survivors (1024K)
 Metaspace       used 3035K, committed 3200K, reserved 1056768K
  class space    used 337K, committed 448K, reserved 1048576K
}
Event: 1.064 GC heap after
{Heap after GC invocations=3 (full 0):
 garbage-first heap   total 57344K, used 7632K [0x00000000c9400000, 0x0000000100000000)
  region size 1024K, 1 young (1024K), 1 survivors (1024K)
 Metaspace       used 3035K, committed 3200K, reserved 1056768K
  class space    used 337K, committed 448K, reserved 1048576K
}
Event: 1.547 GC heap before
{Heap before GC invocations=3 (full 0):
 garbage-first heap   total 57344K, used 18896K [0x00000000c9400000, 0x0000000100000000)
  region size 1024K, 12 young (12288K), 1 survivors (1024K)
 Metaspace       used 6558K, committed 6784K, reserved 1056768K
  class space    used 820K, committed 896K, reserved 1048576K
}
Event: 1.551 GC heap after
{Heap after GC invocations=4 (full 0):
 garbage-first heap   total 57344K, used 8626K [0x00000000c9400000, 0x0000000100000000)
  region size 1024K, 2 young (2048K), 2 survivors (2048K)
 Metaspace       used 6558K, committed 6784K, reserved 1056768K
  class space    used 820K, committed 896K, reserved 1048576K
}
Event: 3.018 GC heap before
{Heap before GC invocations=4 (full 0):
 garbage-first heap   total 57344K, used 35250K [0x00000000c9400000, 0x0000000100000000)
  region size 1024K, 28 young (28672K), 2 survivors (2048K)
 Metaspace       used 12493K, committed 12800K, reserved 1064960K
  class space    used 1637K, committed 1792K, reserved 1048576K
}
Event: 3.025 GC heap after
{Heap after GC invocations=5 (full 0):
 garbage-first heap   total 57344K, used 10492K [0x00000000c9400000, 0x0000000100000000)
  region size 1024K, 4 young (4096K), 4 survivors (4096K)
 Metaspace       used 12493K, committed 12800K, reserved 1064960K
  class space    used 1637K, committed 1792K, reserved 1048576K
}
Event: 3.806 GC heap before
{Heap before GC invocations=5 (full 0):
 garbage-first heap   total 57344K, used 36092K [0x00000000c9400000, 0x0000000100000000)
  region size 1024K, 30 young (30720K), 4 survivors (4096K)
 Metaspace       used 18698K, committed 18944K, reserved 1073152K
  class space    used 2412K, committed 2560K, reserved 1048576K
}
Event: 3.821 GC heap after
{Heap after GC invocations=6 (full 0):
 garbage-first heap   total 57344K, used 11471K [0x00000000c9400000, 0x0000000100000000)
  region size 1024K, 3 young (3072K), 3 survivors (3072K)
 Metaspace       used 18698K, committed 18944K, reserved 1073152K
  class space    used 2412K, committed 2560K, reserved 1048576K
}
Event: 4.624 GC heap before
{Heap before GC invocations=6 (full 0):
 garbage-first heap   total 57344K, used 33999K [0x00000000c9400000, 0x0000000100000000)
  region size 1024K, 26 young (26624K), 3 survivors (3072K)
 Metaspace       used 21215K, committed 21504K, reserved 1073152K
  class space    used 2728K, committed 2880K, reserved 1048576K
}
Event: 4.632 GC heap after
{Heap after GC invocations=7 (full 0):
 garbage-first heap   total 57344K, used 14137K [0x00000000c9400000, 0x0000000100000000)
  region size 1024K, 4 young (4096K), 4 survivors (4096K)
 Metaspace       used 21215K, committed 21504K, reserved 1073152K
  class space    used 2728K, committed 2880K, reserved 1048576K
}
Event: 5.946 GC heap before
{Heap before GC invocations=8 (full 0):
 garbage-first heap   total 55296K, used 40761K [0x00000000c9400000, 0x0000000100000000)
  region size 1024K, 30 young (30720K), 4 survivors (4096K)
 Metaspace       used 25338K, committed 25728K, reserved 1073152K
  class space    used 3338K, committed 3520K, reserved 1048576K
}
Event: 5.956 GC heap after
{Heap after GC invocations=9 (full 0):
 garbage-first heap   total 55296K, used 16022K [0x00000000c9400000, 0x0000000100000000)
  region size 1024K, 3 young (3072K), 3 survivors (3072K)
 Metaspace       used 25338K, committed 25728K, reserved 1073152K
  class space    used 3338K, committed 3520K, reserved 1048576K
}
Event: 6.943 GC heap before
{Heap before GC invocations=9 (full 0):
 garbage-first heap   total 55296K, used 40598K [0x00000000c9400000, 0x0000000100000000)
  region size 1024K, 27 young (27648K), 3 survivors (3072K)
 Metaspace       used 30443K, committed 30848K, reserved 1081344K
  class space    used 4067K, committed 4224K, reserved 1048576K
}
Event: 6.956 GC heap after
{Heap after GC invocations=10 (full 0):
 garbage-first heap   total 55296K, used 17013K [0x00000000c9400000, 0x0000000100000000)
  region size 1024K, 2 young (2048K), 2 survivors (2048K)
 Metaspace       used 30443K, committed 30848K, reserved 1081344K
  class space    used 4067K, committed 4224K, reserved 1048576K
}
Event: 7.905 GC heap before
{Heap before GC invocations=10 (full 0):
 garbage-first heap   total 55296K, used 34421K [0x00000000c9400000, 0x0000000100000000)
  region size 1024K, 20 young (20480K), 2 survivors (2048K)
 Metaspace       used 35621K, committed 35968K, reserved 1081344K
  class space    used 4763K, committed 4928K, reserved 1048576K
}
Event: 7.913 GC heap after
{Heap after GC invocations=11 (full 0):
 garbage-first heap   total 66560K, used 18757K [0x00000000c9400000, 0x0000000100000000)
  region size 1024K, 4 young (4096K), 4 survivors (4096K)
 Metaspace       used 35621K, committed 35968K, reserved 1081344K
  class space    used 4763K, committed 4928K, reserved 1048576K
}

